<?xml version="1.0" encoding="UTF-8"?>
<testsuite xmlns:xsi="http://www.w3.org/2001/XMLSchema-instance" xsi:noNamespaceSchemaLocation="https://maven.apache.org/surefire/maven-surefire-plugin/xsd/surefire-test-report-3.0.xsd" version="3.0" name="com.reactivespring.MoviesServiceApplicationTests" time="2.302" tests="7" errors="0" skipped="0" failures="0">
  <properties>
    <property name="java.specification.version" value="21"/>
    <property name="sun.jnu.encoding" value="UTF-8"/>
    <property name="java.class.path" value="/Users/sohailkhan/Downloads/reactive-spring-webflux-main/movies-info-service/target/test-classes:/Users/sohailkhan/Downloads/reactive-spring-webflux-main/movies-info-service/target/classes:/Users/sohailkhan/.m2/repository/org/springframework/boot/spring-boot-starter-data-mongodb-reactive/3.3.0/spring-boot-starter-data-mongodb-reactive-3.3.0.jar:/Users/sohailkhan/.m2/repository/org/springframework/boot/spring-boot-starter/3.3.0/spring-boot-starter-3.3.0.jar:/Users/sohailkhan/.m2/repository/org/springframework/boot/spring-boot/3.3.0/spring-boot-3.3.0.jar:/Users/sohailkhan/.m2/repository/org/springframework/boot/spring-boot-autoconfigure/3.3.0/spring-boot-autoconfigure-3.3.0.jar:/Users/sohailkhan/.m2/repository/org/springframework/boot/spring-boot-starter-logging/3.3.0/spring-boot-starter-logging-3.3.0.jar:/Users/sohailkhan/.m2/repository/ch/qos/logback/logback-classic/1.5.6/logback-classic-1.5.6.jar:/Users/sohailkhan/.m2/repository/ch/qos/logback/logback-core/1.5.6/logback-core-1.5.6.jar:/Users/sohailkhan/.m2/repository/org/apache/logging/log4j/log4j-to-slf4j/2.23.1/log4j-to-slf4j-2.23.1.jar:/Users/sohailkhan/.m2/repository/org/apache/logging/log4j/log4j-api/2.23.1/log4j-api-2.23.1.jar:/Users/sohailkhan/.m2/repository/org/slf4j/jul-to-slf4j/2.0.13/jul-to-slf4j-2.0.13.jar:/Users/sohailkhan/.m2/repository/jakarta/annotation/jakarta.annotation-api/2.1.1/jakarta.annotation-api-2.1.1.jar:/Users/sohailkhan/.m2/repository/org/yaml/snakeyaml/2.2/snakeyaml-2.2.jar:/Users/sohailkhan/.m2/repository/io/projectreactor/reactor-core/3.6.6/reactor-core-3.6.6.jar:/Users/sohailkhan/.m2/repository/org/reactivestreams/reactive-streams/1.0.4/reactive-streams-1.0.4.jar:/Users/sohailkhan/.m2/repository/org/mongodb/mongodb-driver-reactivestreams/5.0.1/mongodb-driver-reactivestreams-5.0.1.jar:/Users/sohailkhan/.m2/repository/org/mongodb/bson/5.0.1/bson-5.0.1.jar:/Users/sohailkhan/.m2/repository/org/mongodb/mongodb-driver-core/5.0.1/mongodb-driver-core-5.0.1.jar:/Users/sohailkhan/.m2/repository/org/mongodb/bson-record-codec/5.0.1/bson-record-codec-5.0.1.jar:/Users/sohailkhan/.m2/repository/org/springframework/data/spring-data-mongodb/4.3.0/spring-data-mongodb-4.3.0.jar:/Users/sohailkhan/.m2/repository/org/springframework/spring-tx/6.1.8/spring-tx-6.1.8.jar:/Users/sohailkhan/.m2/repository/org/springframework/spring-context/6.1.8/spring-context-6.1.8.jar:/Users/sohailkhan/.m2/repository/org/springframework/spring-aop/6.1.8/spring-aop-6.1.8.jar:/Users/sohailkhan/.m2/repository/org/springframework/spring-beans/6.1.8/spring-beans-6.1.8.jar:/Users/sohailkhan/.m2/repository/org/springframework/spring-expression/6.1.8/spring-expression-6.1.8.jar:/Users/sohailkhan/.m2/repository/org/springframework/data/spring-data-commons/3.3.0/spring-data-commons-3.3.0.jar:/Users/sohailkhan/.m2/repository/io/projectreactor/reactor-test/3.6.6/reactor-test-3.6.6.jar:/Users/sohailkhan/.m2/repository/de/flapdoodle/embed/de.flapdoodle.embed.mongo/3.0.0/de.flapdoodle.embed.mongo-3.0.0.jar:/Users/sohailkhan/.m2/repository/de/flapdoodle/embed/de.flapdoodle.embed.process/3.0.1/de.flapdoodle.embed.process-3.0.1.jar:/Users/sohailkhan/.m2/repository/org/apache/commons/commons-lang3/3.14.0/commons-lang3-3.14.0.jar:/Users/sohailkhan/.m2/repository/org/apache/commons/commons-compress/1.20/commons-compress-1.20.jar:/Users/sohailkhan/.m2/repository/net/java/dev/jna/jna/5.6.0/jna-5.6.0.jar:/Users/sohailkhan/.m2/repository/net/java/dev/jna/jna-platform/5.6.0/jna-platform-5.6.0.jar:/Users/sohailkhan/.m2/repository/org/springframework/boot/spring-boot-starter-webflux/3.3.0/spring-boot-starter-webflux-3.3.0.jar:/Users/sohailkhan/.m2/repository/org/springframework/boot/spring-boot-starter-json/3.3.0/spring-boot-starter-json-3.3.0.jar:/Users/sohailkhan/.m2/repository/com/fasterxml/jackson/core/jackson-databind/2.17.1/jackson-databind-2.17.1.jar:/Users/sohailkhan/.m2/repository/com/fasterxml/jackson/core/jackson-annotations/2.17.1/jackson-annotations-2.17.1.jar:/Users/sohailkhan/.m2/repository/com/fasterxml/jackson/core/jackson-core/2.17.1/jackson-core-2.17.1.jar:/Users/sohailkhan/.m2/repository/com/fasterxml/jackson/datatype/jackson-datatype-jdk8/2.17.1/jackson-datatype-jdk8-2.17.1.jar:/Users/sohailkhan/.m2/repository/com/fasterxml/jackson/datatype/jackson-datatype-jsr310/2.17.1/jackson-datatype-jsr310-2.17.1.jar:/Users/sohailkhan/.m2/repository/com/fasterxml/jackson/module/jackson-module-parameter-names/2.17.1/jackson-module-parameter-names-2.17.1.jar:/Users/sohailkhan/.m2/repository/org/springframework/boot/spring-boot-starter-reactor-netty/3.3.0/spring-boot-starter-reactor-netty-3.3.0.jar:/Users/sohailkhan/.m2/repository/io/projectreactor/netty/reactor-netty-http/1.1.19/reactor-netty-http-1.1.19.jar:/Users/sohailkhan/.m2/repository/io/netty/netty-codec-http/4.1.110.Final/netty-codec-http-4.1.110.Final.jar:/Users/sohailkhan/.m2/repository/io/netty/netty-common/4.1.110.Final/netty-common-4.1.110.Final.jar:/Users/sohailkhan/.m2/repository/io/netty/netty-buffer/4.1.110.Final/netty-buffer-4.1.110.Final.jar:/Users/sohailkhan/.m2/repository/io/netty/netty-transport/4.1.110.Final/netty-transport-4.1.110.Final.jar:/Users/sohailkhan/.m2/repository/io/netty/netty-codec/4.1.110.Final/netty-codec-4.1.110.Final.jar:/Users/sohailkhan/.m2/repository/io/netty/netty-handler/4.1.110.Final/netty-handler-4.1.110.Final.jar:/Users/sohailkhan/.m2/repository/io/netty/netty-codec-http2/4.1.110.Final/netty-codec-http2-4.1.110.Final.jar:/Users/sohailkhan/.m2/repository/io/netty/netty-resolver-dns/4.1.110.Final/netty-resolver-dns-4.1.110.Final.jar:/Users/sohailkhan/.m2/repository/io/netty/netty-resolver/4.1.110.Final/netty-resolver-4.1.110.Final.jar:/Users/sohailkhan/.m2/repository/io/netty/netty-codec-dns/4.1.110.Final/netty-codec-dns-4.1.110.Final.jar:/Users/sohailkhan/.m2/repository/io/netty/netty-resolver-dns-native-macos/4.1.110.Final/netty-resolver-dns-native-macos-4.1.110.Final-osx-x86_64.jar:/Users/sohailkhan/.m2/repository/io/netty/netty-resolver-dns-classes-macos/4.1.110.Final/netty-resolver-dns-classes-macos-4.1.110.Final.jar:/Users/sohailkhan/.m2/repository/io/netty/netty-transport-native-epoll/4.1.110.Final/netty-transport-native-epoll-4.1.110.Final-linux-x86_64.jar:/Users/sohailkhan/.m2/repository/io/netty/netty-transport-native-unix-common/4.1.110.Final/netty-transport-native-unix-common-4.1.110.Final.jar:/Users/sohailkhan/.m2/repository/io/netty/netty-transport-classes-epoll/4.1.110.Final/netty-transport-classes-epoll-4.1.110.Final.jar:/Users/sohailkhan/.m2/repository/io/projectreactor/netty/reactor-netty-core/1.1.19/reactor-netty-core-1.1.19.jar:/Users/sohailkhan/.m2/repository/io/netty/netty-handler-proxy/4.1.110.Final/netty-handler-proxy-4.1.110.Final.jar:/Users/sohailkhan/.m2/repository/io/netty/netty-codec-socks/4.1.110.Final/netty-codec-socks-4.1.110.Final.jar:/Users/sohailkhan/.m2/repository/org/springframework/spring-web/6.1.8/spring-web-6.1.8.jar:/Users/sohailkhan/.m2/repository/org/springframework/spring-webflux/6.1.8/spring-webflux-6.1.8.jar:/Users/sohailkhan/.m2/repository/org/springframework/boot/spring-boot-starter-actuator/3.3.0/spring-boot-starter-actuator-3.3.0.jar:/Users/sohailkhan/.m2/repository/org/springframework/boot/spring-boot-actuator-autoconfigure/3.3.0/spring-boot-actuator-autoconfigure-3.3.0.jar:/Users/sohailkhan/.m2/repository/org/springframework/boot/spring-boot-actuator/3.3.0/spring-boot-actuator-3.3.0.jar:/Users/sohailkhan/.m2/repository/io/micrometer/micrometer-observation/1.13.0/micrometer-observation-1.13.0.jar:/Users/sohailkhan/.m2/repository/io/micrometer/micrometer-commons/1.13.0/micrometer-commons-1.13.0.jar:/Users/sohailkhan/.m2/repository/io/micrometer/micrometer-jakarta9/1.13.0/micrometer-jakarta9-1.13.0.jar:/Users/sohailkhan/.m2/repository/io/micrometer/micrometer-core/1.13.0/micrometer-core-1.13.0.jar:/Users/sohailkhan/.m2/repository/org/hdrhistogram/HdrHistogram/2.2.1/HdrHistogram-2.2.1.jar:/Users/sohailkhan/.m2/repository/org/latencyutils/LatencyUtils/2.0.3/LatencyUtils-2.0.3.jar:/Users/sohailkhan/.m2/repository/org/projectlombok/lombok/1.18.32/lombok-1.18.32.jar:/Users/sohailkhan/.m2/repository/org/springframework/boot/spring-boot-starter-validation/3.3.0/spring-boot-starter-validation-3.3.0.jar:/Users/sohailkhan/.m2/repository/org/apache/tomcat/embed/tomcat-embed-el/10.1.24/tomcat-embed-el-10.1.24.jar:/Users/sohailkhan/.m2/repository/org/hibernate/validator/hibernate-validator/8.0.1.Final/hibernate-validator-8.0.1.Final.jar:/Users/sohailkhan/.m2/repository/jakarta/validation/jakarta.validation-api/3.0.2/jakarta.validation-api-3.0.2.jar:/Users/sohailkhan/.m2/repository/org/jboss/logging/jboss-logging/3.5.3.Final/jboss-logging-3.5.3.Final.jar:/Users/sohailkhan/.m2/repository/com/fasterxml/classmate/1.7.0/classmate-1.7.0.jar:/Users/sohailkhan/.m2/repository/org/springframework/boot/spring-boot-starter-test/3.3.0/spring-boot-starter-test-3.3.0.jar:/Users/sohailkhan/.m2/repository/org/springframework/boot/spring-boot-test/3.3.0/spring-boot-test-3.3.0.jar:/Users/sohailkhan/.m2/repository/org/springframework/boot/spring-boot-test-autoconfigure/3.3.0/spring-boot-test-autoconfigure-3.3.0.jar:/Users/sohailkhan/.m2/repository/com/jayway/jsonpath/json-path/2.9.0/json-path-2.9.0.jar:/Users/sohailkhan/.m2/repository/jakarta/xml/bind/jakarta.xml.bind-api/4.0.2/jakarta.xml.bind-api-4.0.2.jar:/Users/sohailkhan/.m2/repository/jakarta/activation/jakarta.activation-api/2.1.3/jakarta.activation-api-2.1.3.jar:/Users/sohailkhan/.m2/repository/net/minidev/json-smart/2.5.1/json-smart-2.5.1.jar:/Users/sohailkhan/.m2/repository/net/minidev/accessors-smart/2.5.1/accessors-smart-2.5.1.jar:/Users/sohailkhan/.m2/repository/org/ow2/asm/asm/9.6/asm-9.6.jar:/Users/sohailkhan/.m2/repository/org/assertj/assertj-core/3.25.3/assertj-core-3.25.3.jar:/Users/sohailkhan/.m2/repository/net/bytebuddy/byte-buddy/1.14.16/byte-buddy-1.14.16.jar:/Users/sohailkhan/.m2/repository/org/awaitility/awaitility/4.2.1/awaitility-4.2.1.jar:/Users/sohailkhan/.m2/repository/org/hamcrest/hamcrest/2.2/hamcrest-2.2.jar:/Users/sohailkhan/.m2/repository/org/junit/jupiter/junit-jupiter/5.10.2/junit-jupiter-5.10.2.jar:/Users/sohailkhan/.m2/repository/org/junit/jupiter/junit-jupiter-api/5.10.2/junit-jupiter-api-5.10.2.jar:/Users/sohailkhan/.m2/repository/org/opentest4j/opentest4j/1.3.0/opentest4j-1.3.0.jar:/Users/sohailkhan/.m2/repository/org/junit/platform/junit-platform-commons/1.10.2/junit-platform-commons-1.10.2.jar:/Users/sohailkhan/.m2/repository/org/apiguardian/apiguardian-api/1.1.2/apiguardian-api-1.1.2.jar:/Users/sohailkhan/.m2/repository/org/junit/jupiter/junit-jupiter-params/5.10.2/junit-jupiter-params-5.10.2.jar:/Users/sohailkhan/.m2/repository/org/junit/jupiter/junit-jupiter-engine/5.10.2/junit-jupiter-engine-5.10.2.jar:/Users/sohailkhan/.m2/repository/org/junit/platform/junit-platform-engine/1.10.2/junit-platform-engine-1.10.2.jar:/Users/sohailkhan/.m2/repository/org/mockito/mockito-core/5.11.0/mockito-core-5.11.0.jar:/Users/sohailkhan/.m2/repository/net/bytebuddy/byte-buddy-agent/1.14.16/byte-buddy-agent-1.14.16.jar:/Users/sohailkhan/.m2/repository/org/objenesis/objenesis/3.3/objenesis-3.3.jar:/Users/sohailkhan/.m2/repository/org/mockito/mockito-junit-jupiter/5.11.0/mockito-junit-jupiter-5.11.0.jar:/Users/sohailkhan/.m2/repository/org/skyscreamer/jsonassert/1.5.1/jsonassert-1.5.1.jar:/Users/sohailkhan/.m2/repository/com/vaadin/external/google/android-json/0.0.20131108.vaadin1/android-json-0.0.20131108.vaadin1.jar:/Users/sohailkhan/.m2/repository/org/springframework/spring-core/6.1.8/spring-core-6.1.8.jar:/Users/sohailkhan/.m2/repository/org/springframework/spring-jcl/6.1.8/spring-jcl-6.1.8.jar:/Users/sohailkhan/.m2/repository/org/springframework/spring-test/6.1.8/spring-test-6.1.8.jar:/Users/sohailkhan/.m2/repository/org/xmlunit/xmlunit-core/2.9.1/xmlunit-core-2.9.1.jar:/Users/sohailkhan/.m2/repository/cz/jirutka/spring/embedmongo-spring/1.3.1/embedmongo-spring-1.3.1.jar:/Users/sohailkhan/.m2/repository/org/mongodb/mongo-java-driver/2.13.0/mongo-java-driver-2.13.0.jar:/Users/sohailkhan/.m2/repository/org/slf4j/slf4j-api/2.0.13/slf4j-api-2.0.13.jar:"/>
    <property name="java.vm.vendor" value="Homebrew"/>
    <property name="sun.arch.data.model" value="64"/>
    <property name="java.vendor.url" value="https://github.com/Homebrew/homebrew-core/issues"/>
    <property name="user.timezone" value="Asia/Kolkata"/>
    <property name="org.jboss.logging.provider" value="slf4j"/>
    <property name="os.name" value="Mac OS X"/>
    <property name="java.vm.specification.version" value="21"/>
    <property name="sun.java.launcher" value="SUN_STANDARD"/>
    <property name="user.country" value="IN"/>
    <property name="sun.boot.library.path" value="/opt/homebrew/Cellar/openjdk@21/21.0.5/libexec/openjdk.jdk/Contents/Home/lib"/>
    <property name="sun.java.command" value="/Users/sohailkhan/Downloads/reactive-spring-webflux-main/movies-info-service/target/surefire/surefirebooter-20241214180804341_8.jar /Users/sohailkhan/Downloads/reactive-spring-webflux-main/movies-info-service/target/surefire 2024-12-14T18-08-02_243-jvmRun1 surefire-20241214180804341_6tmp surefire_1-20241214180804341_7tmp"/>
    <property name="http.nonProxyHosts" value="local|*.local|169.254/16|*.169.254/16"/>
    <property name="jdk.debug" value="release"/>
    <property name="surefire.test.class.path" value="/Users/sohailkhan/Downloads/reactive-spring-webflux-main/movies-info-service/target/test-classes:/Users/sohailkhan/Downloads/reactive-spring-webflux-main/movies-info-service/target/classes:/Users/sohailkhan/.m2/repository/org/springframework/boot/spring-boot-starter-data-mongodb-reactive/3.3.0/spring-boot-starter-data-mongodb-reactive-3.3.0.jar:/Users/sohailkhan/.m2/repository/org/springframework/boot/spring-boot-starter/3.3.0/spring-boot-starter-3.3.0.jar:/Users/sohailkhan/.m2/repository/org/springframework/boot/spring-boot/3.3.0/spring-boot-3.3.0.jar:/Users/sohailkhan/.m2/repository/org/springframework/boot/spring-boot-autoconfigure/3.3.0/spring-boot-autoconfigure-3.3.0.jar:/Users/sohailkhan/.m2/repository/org/springframework/boot/spring-boot-starter-logging/3.3.0/spring-boot-starter-logging-3.3.0.jar:/Users/sohailkhan/.m2/repository/ch/qos/logback/logback-classic/1.5.6/logback-classic-1.5.6.jar:/Users/sohailkhan/.m2/repository/ch/qos/logback/logback-core/1.5.6/logback-core-1.5.6.jar:/Users/sohailkhan/.m2/repository/org/apache/logging/log4j/log4j-to-slf4j/2.23.1/log4j-to-slf4j-2.23.1.jar:/Users/sohailkhan/.m2/repository/org/apache/logging/log4j/log4j-api/2.23.1/log4j-api-2.23.1.jar:/Users/sohailkhan/.m2/repository/org/slf4j/jul-to-slf4j/2.0.13/jul-to-slf4j-2.0.13.jar:/Users/sohailkhan/.m2/repository/jakarta/annotation/jakarta.annotation-api/2.1.1/jakarta.annotation-api-2.1.1.jar:/Users/sohailkhan/.m2/repository/org/yaml/snakeyaml/2.2/snakeyaml-2.2.jar:/Users/sohailkhan/.m2/repository/io/projectreactor/reactor-core/3.6.6/reactor-core-3.6.6.jar:/Users/sohailkhan/.m2/repository/org/reactivestreams/reactive-streams/1.0.4/reactive-streams-1.0.4.jar:/Users/sohailkhan/.m2/repository/org/mongodb/mongodb-driver-reactivestreams/5.0.1/mongodb-driver-reactivestreams-5.0.1.jar:/Users/sohailkhan/.m2/repository/org/mongodb/bson/5.0.1/bson-5.0.1.jar:/Users/sohailkhan/.m2/repository/org/mongodb/mongodb-driver-core/5.0.1/mongodb-driver-core-5.0.1.jar:/Users/sohailkhan/.m2/repository/org/mongodb/bson-record-codec/5.0.1/bson-record-codec-5.0.1.jar:/Users/sohailkhan/.m2/repository/org/springframework/data/spring-data-mongodb/4.3.0/spring-data-mongodb-4.3.0.jar:/Users/sohailkhan/.m2/repository/org/springframework/spring-tx/6.1.8/spring-tx-6.1.8.jar:/Users/sohailkhan/.m2/repository/org/springframework/spring-context/6.1.8/spring-context-6.1.8.jar:/Users/sohailkhan/.m2/repository/org/springframework/spring-aop/6.1.8/spring-aop-6.1.8.jar:/Users/sohailkhan/.m2/repository/org/springframework/spring-beans/6.1.8/spring-beans-6.1.8.jar:/Users/sohailkhan/.m2/repository/org/springframework/spring-expression/6.1.8/spring-expression-6.1.8.jar:/Users/sohailkhan/.m2/repository/org/springframework/data/spring-data-commons/3.3.0/spring-data-commons-3.3.0.jar:/Users/sohailkhan/.m2/repository/io/projectreactor/reactor-test/3.6.6/reactor-test-3.6.6.jar:/Users/sohailkhan/.m2/repository/de/flapdoodle/embed/de.flapdoodle.embed.mongo/3.0.0/de.flapdoodle.embed.mongo-3.0.0.jar:/Users/sohailkhan/.m2/repository/de/flapdoodle/embed/de.flapdoodle.embed.process/3.0.1/de.flapdoodle.embed.process-3.0.1.jar:/Users/sohailkhan/.m2/repository/org/apache/commons/commons-lang3/3.14.0/commons-lang3-3.14.0.jar:/Users/sohailkhan/.m2/repository/org/apache/commons/commons-compress/1.20/commons-compress-1.20.jar:/Users/sohailkhan/.m2/repository/net/java/dev/jna/jna/5.6.0/jna-5.6.0.jar:/Users/sohailkhan/.m2/repository/net/java/dev/jna/jna-platform/5.6.0/jna-platform-5.6.0.jar:/Users/sohailkhan/.m2/repository/org/springframework/boot/spring-boot-starter-webflux/3.3.0/spring-boot-starter-webflux-3.3.0.jar:/Users/sohailkhan/.m2/repository/org/springframework/boot/spring-boot-starter-json/3.3.0/spring-boot-starter-json-3.3.0.jar:/Users/sohailkhan/.m2/repository/com/fasterxml/jackson/core/jackson-databind/2.17.1/jackson-databind-2.17.1.jar:/Users/sohailkhan/.m2/repository/com/fasterxml/jackson/core/jackson-annotations/2.17.1/jackson-annotations-2.17.1.jar:/Users/sohailkhan/.m2/repository/com/fasterxml/jackson/core/jackson-core/2.17.1/jackson-core-2.17.1.jar:/Users/sohailkhan/.m2/repository/com/fasterxml/jackson/datatype/jackson-datatype-jdk8/2.17.1/jackson-datatype-jdk8-2.17.1.jar:/Users/sohailkhan/.m2/repository/com/fasterxml/jackson/datatype/jackson-datatype-jsr310/2.17.1/jackson-datatype-jsr310-2.17.1.jar:/Users/sohailkhan/.m2/repository/com/fasterxml/jackson/module/jackson-module-parameter-names/2.17.1/jackson-module-parameter-names-2.17.1.jar:/Users/sohailkhan/.m2/repository/org/springframework/boot/spring-boot-starter-reactor-netty/3.3.0/spring-boot-starter-reactor-netty-3.3.0.jar:/Users/sohailkhan/.m2/repository/io/projectreactor/netty/reactor-netty-http/1.1.19/reactor-netty-http-1.1.19.jar:/Users/sohailkhan/.m2/repository/io/netty/netty-codec-http/4.1.110.Final/netty-codec-http-4.1.110.Final.jar:/Users/sohailkhan/.m2/repository/io/netty/netty-common/4.1.110.Final/netty-common-4.1.110.Final.jar:/Users/sohailkhan/.m2/repository/io/netty/netty-buffer/4.1.110.Final/netty-buffer-4.1.110.Final.jar:/Users/sohailkhan/.m2/repository/io/netty/netty-transport/4.1.110.Final/netty-transport-4.1.110.Final.jar:/Users/sohailkhan/.m2/repository/io/netty/netty-codec/4.1.110.Final/netty-codec-4.1.110.Final.jar:/Users/sohailkhan/.m2/repository/io/netty/netty-handler/4.1.110.Final/netty-handler-4.1.110.Final.jar:/Users/sohailkhan/.m2/repository/io/netty/netty-codec-http2/4.1.110.Final/netty-codec-http2-4.1.110.Final.jar:/Users/sohailkhan/.m2/repository/io/netty/netty-resolver-dns/4.1.110.Final/netty-resolver-dns-4.1.110.Final.jar:/Users/sohailkhan/.m2/repository/io/netty/netty-resolver/4.1.110.Final/netty-resolver-4.1.110.Final.jar:/Users/sohailkhan/.m2/repository/io/netty/netty-codec-dns/4.1.110.Final/netty-codec-dns-4.1.110.Final.jar:/Users/sohailkhan/.m2/repository/io/netty/netty-resolver-dns-native-macos/4.1.110.Final/netty-resolver-dns-native-macos-4.1.110.Final-osx-x86_64.jar:/Users/sohailkhan/.m2/repository/io/netty/netty-resolver-dns-classes-macos/4.1.110.Final/netty-resolver-dns-classes-macos-4.1.110.Final.jar:/Users/sohailkhan/.m2/repository/io/netty/netty-transport-native-epoll/4.1.110.Final/netty-transport-native-epoll-4.1.110.Final-linux-x86_64.jar:/Users/sohailkhan/.m2/repository/io/netty/netty-transport-native-unix-common/4.1.110.Final/netty-transport-native-unix-common-4.1.110.Final.jar:/Users/sohailkhan/.m2/repository/io/netty/netty-transport-classes-epoll/4.1.110.Final/netty-transport-classes-epoll-4.1.110.Final.jar:/Users/sohailkhan/.m2/repository/io/projectreactor/netty/reactor-netty-core/1.1.19/reactor-netty-core-1.1.19.jar:/Users/sohailkhan/.m2/repository/io/netty/netty-handler-proxy/4.1.110.Final/netty-handler-proxy-4.1.110.Final.jar:/Users/sohailkhan/.m2/repository/io/netty/netty-codec-socks/4.1.110.Final/netty-codec-socks-4.1.110.Final.jar:/Users/sohailkhan/.m2/repository/org/springframework/spring-web/6.1.8/spring-web-6.1.8.jar:/Users/sohailkhan/.m2/repository/org/springframework/spring-webflux/6.1.8/spring-webflux-6.1.8.jar:/Users/sohailkhan/.m2/repository/org/springframework/boot/spring-boot-starter-actuator/3.3.0/spring-boot-starter-actuator-3.3.0.jar:/Users/sohailkhan/.m2/repository/org/springframework/boot/spring-boot-actuator-autoconfigure/3.3.0/spring-boot-actuator-autoconfigure-3.3.0.jar:/Users/sohailkhan/.m2/repository/org/springframework/boot/spring-boot-actuator/3.3.0/spring-boot-actuator-3.3.0.jar:/Users/sohailkhan/.m2/repository/io/micrometer/micrometer-observation/1.13.0/micrometer-observation-1.13.0.jar:/Users/sohailkhan/.m2/repository/io/micrometer/micrometer-commons/1.13.0/micrometer-commons-1.13.0.jar:/Users/sohailkhan/.m2/repository/io/micrometer/micrometer-jakarta9/1.13.0/micrometer-jakarta9-1.13.0.jar:/Users/sohailkhan/.m2/repository/io/micrometer/micrometer-core/1.13.0/micrometer-core-1.13.0.jar:/Users/sohailkhan/.m2/repository/org/hdrhistogram/HdrHistogram/2.2.1/HdrHistogram-2.2.1.jar:/Users/sohailkhan/.m2/repository/org/latencyutils/LatencyUtils/2.0.3/LatencyUtils-2.0.3.jar:/Users/sohailkhan/.m2/repository/org/projectlombok/lombok/1.18.32/lombok-1.18.32.jar:/Users/sohailkhan/.m2/repository/org/springframework/boot/spring-boot-starter-validation/3.3.0/spring-boot-starter-validation-3.3.0.jar:/Users/sohailkhan/.m2/repository/org/apache/tomcat/embed/tomcat-embed-el/10.1.24/tomcat-embed-el-10.1.24.jar:/Users/sohailkhan/.m2/repository/org/hibernate/validator/hibernate-validator/8.0.1.Final/hibernate-validator-8.0.1.Final.jar:/Users/sohailkhan/.m2/repository/jakarta/validation/jakarta.validation-api/3.0.2/jakarta.validation-api-3.0.2.jar:/Users/sohailkhan/.m2/repository/org/jboss/logging/jboss-logging/3.5.3.Final/jboss-logging-3.5.3.Final.jar:/Users/sohailkhan/.m2/repository/com/fasterxml/classmate/1.7.0/classmate-1.7.0.jar:/Users/sohailkhan/.m2/repository/org/springframework/boot/spring-boot-starter-test/3.3.0/spring-boot-starter-test-3.3.0.jar:/Users/sohailkhan/.m2/repository/org/springframework/boot/spring-boot-test/3.3.0/spring-boot-test-3.3.0.jar:/Users/sohailkhan/.m2/repository/org/springframework/boot/spring-boot-test-autoconfigure/3.3.0/spring-boot-test-autoconfigure-3.3.0.jar:/Users/sohailkhan/.m2/repository/com/jayway/jsonpath/json-path/2.9.0/json-path-2.9.0.jar:/Users/sohailkhan/.m2/repository/jakarta/xml/bind/jakarta.xml.bind-api/4.0.2/jakarta.xml.bind-api-4.0.2.jar:/Users/sohailkhan/.m2/repository/jakarta/activation/jakarta.activation-api/2.1.3/jakarta.activation-api-2.1.3.jar:/Users/sohailkhan/.m2/repository/net/minidev/json-smart/2.5.1/json-smart-2.5.1.jar:/Users/sohailkhan/.m2/repository/net/minidev/accessors-smart/2.5.1/accessors-smart-2.5.1.jar:/Users/sohailkhan/.m2/repository/org/ow2/asm/asm/9.6/asm-9.6.jar:/Users/sohailkhan/.m2/repository/org/assertj/assertj-core/3.25.3/assertj-core-3.25.3.jar:/Users/sohailkhan/.m2/repository/net/bytebuddy/byte-buddy/1.14.16/byte-buddy-1.14.16.jar:/Users/sohailkhan/.m2/repository/org/awaitility/awaitility/4.2.1/awaitility-4.2.1.jar:/Users/sohailkhan/.m2/repository/org/hamcrest/hamcrest/2.2/hamcrest-2.2.jar:/Users/sohailkhan/.m2/repository/org/junit/jupiter/junit-jupiter/5.10.2/junit-jupiter-5.10.2.jar:/Users/sohailkhan/.m2/repository/org/junit/jupiter/junit-jupiter-api/5.10.2/junit-jupiter-api-5.10.2.jar:/Users/sohailkhan/.m2/repository/org/opentest4j/opentest4j/1.3.0/opentest4j-1.3.0.jar:/Users/sohailkhan/.m2/repository/org/junit/platform/junit-platform-commons/1.10.2/junit-platform-commons-1.10.2.jar:/Users/sohailkhan/.m2/repository/org/apiguardian/apiguardian-api/1.1.2/apiguardian-api-1.1.2.jar:/Users/sohailkhan/.m2/repository/org/junit/jupiter/junit-jupiter-params/5.10.2/junit-jupiter-params-5.10.2.jar:/Users/sohailkhan/.m2/repository/org/junit/jupiter/junit-jupiter-engine/5.10.2/junit-jupiter-engine-5.10.2.jar:/Users/sohailkhan/.m2/repository/org/junit/platform/junit-platform-engine/1.10.2/junit-platform-engine-1.10.2.jar:/Users/sohailkhan/.m2/repository/org/mockito/mockito-core/5.11.0/mockito-core-5.11.0.jar:/Users/sohailkhan/.m2/repository/net/bytebuddy/byte-buddy-agent/1.14.16/byte-buddy-agent-1.14.16.jar:/Users/sohailkhan/.m2/repository/org/objenesis/objenesis/3.3/objenesis-3.3.jar:/Users/sohailkhan/.m2/repository/org/mockito/mockito-junit-jupiter/5.11.0/mockito-junit-jupiter-5.11.0.jar:/Users/sohailkhan/.m2/repository/org/skyscreamer/jsonassert/1.5.1/jsonassert-1.5.1.jar:/Users/sohailkhan/.m2/repository/com/vaadin/external/google/android-json/0.0.20131108.vaadin1/android-json-0.0.20131108.vaadin1.jar:/Users/sohailkhan/.m2/repository/org/springframework/spring-core/6.1.8/spring-core-6.1.8.jar:/Users/sohailkhan/.m2/repository/org/springframework/spring-jcl/6.1.8/spring-jcl-6.1.8.jar:/Users/sohailkhan/.m2/repository/org/springframework/spring-test/6.1.8/spring-test-6.1.8.jar:/Users/sohailkhan/.m2/repository/org/xmlunit/xmlunit-core/2.9.1/xmlunit-core-2.9.1.jar:/Users/sohailkhan/.m2/repository/cz/jirutka/spring/embedmongo-spring/1.3.1/embedmongo-spring-1.3.1.jar:/Users/sohailkhan/.m2/repository/org/mongodb/mongo-java-driver/2.13.0/mongo-java-driver-2.13.0.jar:/Users/sohailkhan/.m2/repository/org/slf4j/slf4j-api/2.0.13/slf4j-api-2.0.13.jar:"/>
    <property name="sun.cpu.endian" value="little"/>
    <property name="user.home" value="/Users/sohailkhan"/>
    <property name="user.language" value="en"/>
    <property name="java.specification.vendor" value="Oracle Corporation"/>
    <property name="java.version.date" value="2024-10-15"/>
    <property name="java.home" value="/opt/homebrew/Cellar/openjdk@21/21.0.5/libexec/openjdk.jdk/Contents/Home"/>
    <property name="file.separator" value="/"/>
    <property name="basedir" value="/Users/sohailkhan/Downloads/reactive-spring-webflux-main/movies-info-service"/>
    <property name="java.vm.compressedOopsMode" value="Zero based"/>
    <property name="line.separator" value="&#10;"/>
    <property name="java.vm.specification.vendor" value="Oracle Corporation"/>
    <property name="java.specification.name" value="Java Platform API Specification"/>
    <property name="FILE_LOG_CHARSET" value="UTF-8"/>
    <property name="java.awt.headless" value="true"/>
    <property name="apple.awt.application.name" value="ForkedBooter"/>
    <property name="surefire.real.class.path" value="/Users/sohailkhan/Downloads/reactive-spring-webflux-main/movies-info-service/target/surefire/surefirebooter-20241214180804341_8.jar"/>
    <property name="sun.management.compiler" value="HotSpot 64-Bit Tiered Compilers"/>
    <property name="ftp.nonProxyHosts" value="local|*.local|169.254/16|*.169.254/16"/>
    <property name="java.runtime.version" value="21.0.5"/>
    <property name="user.name" value="sohailkhan"/>
    <property name="stdout.encoding" value="UTF-8"/>
    <property name="path.separator" value=":"/>
    <property name="os.version" value="15.1.1"/>
    <property name="java.runtime.name" value="OpenJDK Runtime Environment"/>
    <property name="file.encoding" value="UTF-8"/>
    <property name="java.vm.name" value="OpenJDK 64-Bit Server VM"/>
    <property name="java.vendor.version" value="Homebrew"/>
    <property name="localRepository" value="/Users/sohailkhan/.m2/repository"/>
    <property name="java.vendor.url.bug" value="https://github.com/Homebrew/homebrew-core/issues"/>
    <property name="java.io.tmpdir" value="/var/folders/sc/fpr5r_ds16s5ph9s71t0h4wm0000gn/T/"/>
    <property name="java.version" value="21.0.5"/>
    <property name="user.dir" value="/Users/sohailkhan/Downloads/reactive-spring-webflux-main/movies-info-service"/>
    <property name="os.arch" value="aarch64"/>
    <property name="java.vm.specification.name" value="Java Virtual Machine Specification"/>
    <property name="PID" value="32168"/>
    <property name="CONSOLE_LOG_CHARSET" value="UTF-8"/>
    <property name="native.encoding" value="UTF-8"/>
    <property name="java.library.path" value="/Users/sohailkhan/Library/Java/Extensions:/Library/Java/Extensions:/Network/Library/Java/Extensions:/System/Library/Java/Extensions:/usr/lib/java:."/>
    <property name="java.vm.info" value="mixed mode, sharing"/>
    <property name="stderr.encoding" value="UTF-8"/>
    <property name="java.vendor" value="Homebrew"/>
    <property name="java.vm.version" value="21.0.5"/>
    <property name="sun.io.unicode.encoding" value="UnicodeBig"/>
    <property name="socksNonProxyHosts" value="local|*.local|169.254/16|*.169.254/16"/>
    <property name="java.class.version" value="65.0"/>
  </properties>
  <testcase name="updateMovieInfo" classname="com.reactivespring.MoviesServiceApplicationTests" time="0.886">
    <system-out><![CDATA[18:08:04.700 [main] INFO org.springframework.test.context.support.AnnotationConfigContextLoaderUtils -- Could not detect default configuration classes for test class [com.reactivespring.MoviesServiceApplicationTests]: MoviesServiceApplicationTests does not declare any static, non-private, non-final, nested classes annotated with @Configuration.
18:08:04.748 [main] INFO org.springframework.boot.test.context.SpringBootTestContextBootstrapper -- Found @SpringBootConfiguration com.reactivespring.MoviesInfoServiceApplication for test class com.reactivespring.MoviesServiceApplicationTests
  .   ____          _            __ _ _
 /\\ / ___'_ __ _ _(_)_ __  __ _ \ \ \ \
( ( )\___ | '_ | '_| | '_ \/ _` | \ \ \ \
 \\/  ___)| |_)| | | | | || (_| |  ) ) ) )
  '  |____| .__|_| |_|_| |_\__, | / / / /
 =========|_|==============|___/=/_/_/_/

 :: Spring Boot ::                (v3.3.0)

2024-12-14T18:08:04.924+05:30  INFO 32168 --- [           main] c.r.MoviesServiceApplicationTests        : Starting MoviesServiceApplicationTests using Java 21.0.5 with PID 32168 (started by sohailkhan in /Users/sohailkhan/Downloads/reactive-spring-webflux-main/movies-info-service)
2024-12-14T18:08:04.925+05:30  INFO 32168 --- [           main] c.r.MoviesServiceApplicationTests        : The following 1 profile is active: "test"
2024-12-14T18:08:05.060+05:30  INFO 32168 --- [           main] .s.d.r.c.RepositoryConfigurationDelegate : Bootstrapping Spring Data Reactive MongoDB repositories in DEFAULT mode.
2024-12-14T18:08:05.121+05:30  INFO 32168 --- [           main] .s.d.r.c.RepositoryConfigurationDelegate : Finished Spring Data repository scanning in 59 ms. Found 1 Reactive MongoDB repository interface.
2024-12-14T18:08:05.385+05:30  INFO 32168 --- [           main] org.mongodb.driver.client                : MongoClient with metadata {"application": {"name": "Cluster0"}, "driver": {"name": "mongo-java-driver|reactive-streams|spring-boot", "version": "5.0.1"}, "os": {"type": "Darwin", "name": "Mac OS X", "architecture": "aarch64", "version": "15.1.1"}, "platform": "Java/Homebrew/21.0.5"} created with settings MongoClientSettings{readPreference=primary, writeConcern=WriteConcern{w=majority, wTimeout=null ms, journal=null}, retryWrites=true, retryReads=true, readConcern=ReadConcern{level=null}, credential=MongoCredential{mechanism=null, userName='sohailkhan9770365', source='admin', password=<hidden>, mechanismProperties=<hidden>}, transportSettings=NettyTransportSettings{eventLoopGroup=io.netty.channel.nio.NioEventLoopGroup@6bcb12e6, socketChannelClass=null, allocator=null, sslContext=null}, commandListeners=[], codecRegistry=ProvidersCodecRegistry{codecProviders=[ValueCodecProvider{}, BsonValueCodecProvider{}, DBRefCodecProvider{}, DBObjectCodecProvider{}, DocumentCodecProvider{}, CollectionCodecProvider{}, IterableCodecProvider{}, MapCodecProvider{}, GeoJsonCodecProvider{}, GridFSFileCodecProvider{}, Jsr310CodecProvider{}, JsonObjectCodecProvider{}, BsonCodecProvider{}, EnumCodecProvider{}, com.mongodb.client.model.mql.ExpressionCodecProvider@111d5c97, com.mongodb.Jep395RecordCodecProvider@29c17c3d, com.mongodb.KotlinCodecProvider@250a9031]}, loggerSettings=LoggerSettings{maxDocumentLength=1000}, clusterSettings={hosts=[127.0.0.1:27017], srvHost=cluster0.tbzhg.mongodb.net, srvServiceName=mongodb, mode=MULTIPLE, requiredClusterType=REPLICA_SET, requiredReplicaSetName='atlas-7caju8-shard-0', serverSelector='null', clusterListeners='[]', serverSelectionTimeout='30000 ms', localThreshold='15 ms'}, socketSettings=SocketSettings{connectTimeoutMS=10000, readTimeoutMS=0, receiveBufferSize=0, proxySettings=ProxySettings{host=null, port=null, username=null, password=null}}, heartbeatSocketSettings=SocketSettings{connectTimeoutMS=10000, readTimeoutMS=10000, receiveBufferSize=0, proxySettings=ProxySettings{host=null, port=null, username=null, password=null}}, connectionPoolSettings=ConnectionPoolSettings{maxSize=100, minSize=0, maxWaitTimeMS=120000, maxConnectionLifeTimeMS=0, maxConnectionIdleTimeMS=0, maintenanceInitialDelayMS=0, maintenanceFrequencyMS=60000, connectionPoolListeners=[], maxConnecting=2}, serverSettings=ServerSettings{heartbeatFrequencyMS=10000, minHeartbeatFrequencyMS=500, serverListeners='[]', serverMonitorListeners='[]'}, sslSettings=SslSettings{enabled=true, invalidHostNameAllowed=false, context=null}, applicationName='Cluster0', compressorList=[], uuidRepresentation=JAVA_LEGACY, serverApi=null, autoEncryptionSettings=null, dnsClient=null, inetAddressResolver=null, contextProvider=null}
2024-12-14T18:08:05.434+05:30  INFO 32168 --- [zhg.mongodb.net] org.mongodb.driver.cluster               : Adding discovered server cluster0-shard-00-00.tbzhg.mongodb.net:27017 to client view of cluster
2024-12-14T18:08:05.444+05:30  INFO 32168 --- [zhg.mongodb.net] org.mongodb.driver.cluster               : Adding discovered server cluster0-shard-00-01.tbzhg.mongodb.net:27017 to client view of cluster
2024-12-14T18:08:05.453+05:30  INFO 32168 --- [zhg.mongodb.net] org.mongodb.driver.cluster               : Adding discovered server cluster0-shard-00-02.tbzhg.mongodb.net:27017 to client view of cluster
2024-12-14T18:08:05.564+05:30  INFO 32168 --- [           main] c.r.MoviesServiceApplicationTests        : Started MoviesServiceApplicationTests in 0.79 seconds (process running for 1.181)
2024-12-14T18:08:05.799+05:30  INFO 32168 --- [ngodb.net:27017] org.mongodb.driver.cluster               : Monitor thread successfully connected to server with description ServerDescription{address=cluster0-shard-00-00.tbzhg.mongodb.net:27017, type=REPLICA_SET_SECONDARY, state=CONNECTED, ok=true, minWireVersion=0, maxWireVersion=25, maxDocumentSize=16777216, logicalSessionTimeoutMinutes=30, roundTripTimeNanos=172139875, setName='atlas-7caju8-shard-0', canonicalAddress=cluster0-shard-00-00.tbzhg.mongodb.net:27017, hosts=[cluster0-shard-00-01.tbzhg.mongodb.net:27017, cluster0-shard-00-00.tbzhg.mongodb.net:27017, cluster0-shard-00-02.tbzhg.mongodb.net:27017], passives=[], arbiters=[], primary='cluster0-shard-00-02.tbzhg.mongodb.net:27017', tagSet=TagSet{[Tag{name='availabilityZone', value='1'}, Tag{name='diskState', value='READY'}, Tag{name='nodeType', value='ELECTABLE'}, Tag{name='provider', value='AZURE'}, Tag{name='region', value='INDIA_CENTRAL'}, Tag{name='workloadType', value='OPERATIONAL'}]}, electionId=null, setVersion=17, topologyVersion=TopologyVersion{processId=6758b1efd69f716f3e44baf6, counter=4}, lastWriteDate=Sat Dec 14 18:08:05 IST 2024, lastUpdateTimeNanos=47741017703541}
2024-12-14T18:08:05.799+05:30  INFO 32168 --- [ngodb.net:27017] org.mongodb.driver.cluster               : Monitor thread successfully connected to server with description ServerDescription{address=cluster0-shard-00-02.tbzhg.mongodb.net:27017, type=REPLICA_SET_PRIMARY, state=CONNECTED, ok=true, minWireVersion=0, maxWireVersion=25, maxDocumentSize=16777216, logicalSessionTimeoutMinutes=30, roundTripTimeNanos=173615459, setName='atlas-7caju8-shard-0', canonicalAddress=cluster0-shard-00-02.tbzhg.mongodb.net:27017, hosts=[cluster0-shard-00-01.tbzhg.mongodb.net:27017, cluster0-shard-00-00.tbzhg.mongodb.net:27017, cluster0-shard-00-02.tbzhg.mongodb.net:27017], passives=[], arbiters=[], primary='cluster0-shard-00-02.tbzhg.mongodb.net:27017', tagSet=TagSet{[Tag{name='availabilityZone', value='3'}, Tag{name='diskState', value='READY'}, Tag{name='nodeType', value='ELECTABLE'}, Tag{name='provider', value='AZURE'}, Tag{name='region', value='INDIA_CENTRAL'}, Tag{name='workloadType', value='OPERATIONAL'}]}, electionId=7fffffff000000000000003a, setVersion=17, topologyVersion=TopologyVersion{processId=6758b21d13136ebdb2991bfb, counter=6}, lastWriteDate=Sat Dec 14 18:08:05 IST 2024, lastUpdateTimeNanos=47741018036083}
2024-12-14T18:08:05.802+05:30  INFO 32168 --- [ngodb.net:27017] org.mongodb.driver.cluster               : Discovered replica set primary cluster0-shard-00-02.tbzhg.mongodb.net:27017 with max election id 7fffffff000000000000003a and max set version 17
Saved Movie: MovieInfo(movieInfoId=abc, name=Dark Knight Rises, year=2010, cast=[Christian Bale, Tom Hardy], release_date=2012-07-20)
]]></system-out>
    <system-err><![CDATA[WARNING: A Java agent has been loaded dynamically (/Users/sohailkhan/.m2/repository/net/bytebuddy/byte-buddy-agent/1.14.16/byte-buddy-agent-1.14.16.jar)
WARNING: If a serviceability tool is in use, please run with -XX:+EnableDynamicAgentLoading to hide this warning
WARNING: If a serviceability tool is not in use, please run with -Djdk.instrument.traceUsage for more information
WARNING: Dynamic loading of agents will be disallowed by default in a future release
]]></system-err>
  </testcase>
  <testcase name="saveMovieInfo" classname="com.reactivespring.MoviesServiceApplicationTests" time="0.083">
    <system-out><![CDATA[2024-12-14T18:08:06.485+05:30  INFO 32168 --- [           main] reactor.Mono.UsingWhen.1                 : onSubscribe(MonoUsingWhen.MonoUsingWhenSubscriber)
2024-12-14T18:08:06.485+05:30  INFO 32168 --- [           main] reactor.Mono.UsingWhen.1                 : request(unbounded)
2024-12-14T18:08:06.513+05:30  INFO 32168 --- [ntLoopGroup-2-6] reactor.Mono.UsingWhen.1                 : onNext(MovieInfo(movieInfoId=675d7c2ee639b20a524e8e33, name=Dark Knight Rises 01, year=2012, cast=[Christian Bale, Tom Hardy], release_date=2012-07-20))
2024-12-14T18:08:06.514+05:30  INFO 32168 --- [ntLoopGroup-2-6] reactor.Mono.UsingWhen.1                 : onComplete()
]]></system-out>
  </testcase>
  <testcase name="getAllMovies" classname="com.reactivespring.MoviesServiceApplicationTests" time="0.09">
    <system-out><![CDATA[2024-12-14T18:08:06.569+05:30  INFO 32168 --- [           main] reactor.Flux.UsingWhen.2                 : onSubscribe(FluxUsingWhen.UsingWhenSubscriber)
2024-12-14T18:08:06.569+05:30  INFO 32168 --- [           main] reactor.Flux.UsingWhen.2                 : request(unbounded)
2024-12-14T18:08:06.606+05:30  INFO 32168 --- [ntLoopGroup-2-7] reactor.Flux.UsingWhen.2                 : onNext(MovieInfo(movieInfoId=675d7c2ee639b20a524e8e34, name=Batman Begins, year=2005, cast=[Christian Bale, Michael Cane], release_date=2005-06-15))
2024-12-14T18:08:06.606+05:30  INFO 32168 --- [ntLoopGroup-2-7] reactor.Flux.UsingWhen.2                 : onNext(MovieInfo(movieInfoId=675d7c2ee639b20a524e8e35, name=The Dark Knight, year=2008, cast=[Christian Bale, HeathLedger], release_date=2008-07-18))
2024-12-14T18:08:06.606+05:30  INFO 32168 --- [ntLoopGroup-2-7] reactor.Flux.UsingWhen.2                 : onNext(MovieInfo(movieInfoId=abc, name=Dark Knight Rises, year=2012, cast=[Christian Bale, Tom Hardy], release_date=2012-07-20))
2024-12-14T18:08:06.606+05:30  INFO 32168 --- [ntLoopGroup-2-7] reactor.Flux.UsingWhen.2                 : onComplete()
]]></system-out>
  </testcase>
  <testcase name="contextLoads" classname="com.reactivespring.MoviesServiceApplicationTests" time="0.051"/>
  <testcase name="getMovieById" classname="com.reactivespring.MoviesServiceApplicationTests" time="0.072">
    <system-out><![CDATA[2024-12-14T18:08:06.710+05:30  INFO 32168 --- [           main] reactor.Mono.UsingWhen.3                 : onSubscribe(MonoUsingWhen.MonoUsingWhenSubscriber)
2024-12-14T18:08:06.710+05:30  INFO 32168 --- [           main] reactor.Mono.UsingWhen.3                 : request(unbounded)
2024-12-14T18:08:06.730+05:30  INFO 32168 --- [ntLoopGroup-2-7] reactor.Mono.UsingWhen.3                 : onNext(MovieInfo(movieInfoId=abc, name=Dark Knight Rises, year=2012, cast=[Christian Bale, Tom Hardy], release_date=2012-07-20))
2024-12-14T18:08:06.731+05:30  INFO 32168 --- [ntLoopGroup-2-7] reactor.Mono.UsingWhen.3                 : onComplete()
]]></system-out>
  </testcase>
  <testcase name="getMovieByName" classname="com.reactivespring.MoviesServiceApplicationTests" time="0.077">
    <system-out><![CDATA[2024-12-14T18:08:06.786+05:30  INFO 32168 --- [           main] reactor.Mono.Next.4                      : onSubscribe(MonoNext.NextSubscriber)
2024-12-14T18:08:06.787+05:30  INFO 32168 --- [           main] reactor.Mono.Next.4                      : request(unbounded)
2024-12-14T18:08:06.807+05:30  INFO 32168 --- [ntLoopGroup-2-7] reactor.Mono.Next.4                      : onNext(MovieInfo(movieInfoId=675d7c2ee639b20a524e8e3a, name=Batman Begins, year=2005, cast=[Christian Bale, Michael Cane], release_date=2005-06-15))
2024-12-14T18:08:06.807+05:30  INFO 32168 --- [ntLoopGroup-2-7] reactor.Mono.Next.4                      : onComplete()
]]></system-out>
  </testcase>
  <testcase name="deleteMovieInfo" classname="com.reactivespring.MoviesServiceApplicationTests" time="0.09">
    <system-out><![CDATA[2024-12-14T18:08:06.882+05:30  INFO 32168 --- [           main] reactor.Flux.UsingWhen.5                 : onSubscribe(FluxUsingWhen.UsingWhenSubscriber)
2024-12-14T18:08:06.882+05:30  INFO 32168 --- [           main] reactor.Flux.UsingWhen.5                 : request(unbounded)
2024-12-14T18:08:06.901+05:30  INFO 32168 --- [ntLoopGroup-2-5] reactor.Flux.UsingWhen.5                 : onNext(MovieInfo(movieInfoId=675d7c2ee639b20a524e8e3c, name=Batman Begins, year=2005, cast=[Christian Bale, Michael Cane], release_date=2005-06-15))
2024-12-14T18:08:06.901+05:30  INFO 32168 --- [ntLoopGroup-2-5] reactor.Flux.UsingWhen.5                 : onNext(MovieInfo(movieInfoId=675d7c2ee639b20a524e8e3d, name=The Dark Knight, year=2008, cast=[Christian Bale, HeathLedger], release_date=2008-07-18))
2024-12-14T18:08:06.901+05:30  INFO 32168 --- [ntLoopGroup-2-5] reactor.Flux.UsingWhen.5                 : onComplete()
]]></system-out>
  </testcase>
</testsuite>