<?xml version="1.0" encoding="UTF-8"?>
<testsuite xmlns:xsi="http://www.w3.org/2001/XMLSchema-instance" xsi:noNamespaceSchemaLocation="https://maven.apache.org/surefire/maven-surefire-plugin/xsd/surefire-test-report-3.0.xsd" version="3.0" name="com.reactivespring.controller.FluxAndMonoEndPointTest" time="5.392" tests="5" errors="0" skipped="0" failures="0">
  <properties>
    <property name="java.specification.version" value="21"/>
    <property name="sun.jnu.encoding" value="UTF-8"/>
    <property name="java.class.path" value="/Users/sohailkhan/Downloads/reactive-spring-webflux-main/movies-info-service/target/test-classes:/Users/sohailkhan/Downloads/reactive-spring-webflux-main/movies-info-service/target/classes:/Users/sohailkhan/.m2/repository/org/springframework/boot/spring-boot-starter-data-mongodb-reactive/3.3.0/spring-boot-starter-data-mongodb-reactive-3.3.0.jar:/Users/sohailkhan/.m2/repository/org/springframework/boot/spring-boot-starter/3.3.0/spring-boot-starter-3.3.0.jar:/Users/sohailkhan/.m2/repository/org/springframework/boot/spring-boot/3.3.0/spring-boot-3.3.0.jar:/Users/sohailkhan/.m2/repository/org/springframework/boot/spring-boot-autoconfigure/3.3.0/spring-boot-autoconfigure-3.3.0.jar:/Users/sohailkhan/.m2/repository/org/springframework/boot/spring-boot-starter-logging/3.3.0/spring-boot-starter-logging-3.3.0.jar:/Users/sohailkhan/.m2/repository/ch/qos/logback/logback-classic/1.5.6/logback-classic-1.5.6.jar:/Users/sohailkhan/.m2/repository/ch/qos/logback/logback-core/1.5.6/logback-core-1.5.6.jar:/Users/sohailkhan/.m2/repository/org/apache/logging/log4j/log4j-to-slf4j/2.23.1/log4j-to-slf4j-2.23.1.jar:/Users/sohailkhan/.m2/repository/org/apache/logging/log4j/log4j-api/2.23.1/log4j-api-2.23.1.jar:/Users/sohailkhan/.m2/repository/org/slf4j/jul-to-slf4j/2.0.13/jul-to-slf4j-2.0.13.jar:/Users/sohailkhan/.m2/repository/jakarta/annotation/jakarta.annotation-api/2.1.1/jakarta.annotation-api-2.1.1.jar:/Users/sohailkhan/.m2/repository/org/yaml/snakeyaml/2.2/snakeyaml-2.2.jar:/Users/sohailkhan/.m2/repository/io/projectreactor/reactor-core/3.6.6/reactor-core-3.6.6.jar:/Users/sohailkhan/.m2/repository/org/reactivestreams/reactive-streams/1.0.4/reactive-streams-1.0.4.jar:/Users/sohailkhan/.m2/repository/org/mongodb/mongodb-driver-reactivestreams/5.0.1/mongodb-driver-reactivestreams-5.0.1.jar:/Users/sohailkhan/.m2/repository/org/mongodb/bson/5.0.1/bson-5.0.1.jar:/Users/sohailkhan/.m2/repository/org/mongodb/mongodb-driver-core/5.0.1/mongodb-driver-core-5.0.1.jar:/Users/sohailkhan/.m2/repository/org/mongodb/bson-record-codec/5.0.1/bson-record-codec-5.0.1.jar:/Users/sohailkhan/.m2/repository/org/springframework/data/spring-data-mongodb/4.3.0/spring-data-mongodb-4.3.0.jar:/Users/sohailkhan/.m2/repository/org/springframework/spring-tx/6.1.8/spring-tx-6.1.8.jar:/Users/sohailkhan/.m2/repository/org/springframework/spring-context/6.1.8/spring-context-6.1.8.jar:/Users/sohailkhan/.m2/repository/org/springframework/spring-aop/6.1.8/spring-aop-6.1.8.jar:/Users/sohailkhan/.m2/repository/org/springframework/spring-beans/6.1.8/spring-beans-6.1.8.jar:/Users/sohailkhan/.m2/repository/org/springframework/spring-expression/6.1.8/spring-expression-6.1.8.jar:/Users/sohailkhan/.m2/repository/org/springframework/data/spring-data-commons/3.3.0/spring-data-commons-3.3.0.jar:/Users/sohailkhan/.m2/repository/io/projectreactor/reactor-test/3.6.6/reactor-test-3.6.6.jar:/Users/sohailkhan/.m2/repository/de/flapdoodle/embed/de.flapdoodle.embed.mongo/3.0.0/de.flapdoodle.embed.mongo-3.0.0.jar:/Users/sohailkhan/.m2/repository/de/flapdoodle/embed/de.flapdoodle.embed.process/3.0.1/de.flapdoodle.embed.process-3.0.1.jar:/Users/sohailkhan/.m2/repository/org/apache/commons/commons-lang3/3.14.0/commons-lang3-3.14.0.jar:/Users/sohailkhan/.m2/repository/org/apache/commons/commons-compress/1.20/commons-compress-1.20.jar:/Users/sohailkhan/.m2/repository/net/java/dev/jna/jna/5.6.0/jna-5.6.0.jar:/Users/sohailkhan/.m2/repository/net/java/dev/jna/jna-platform/5.6.0/jna-platform-5.6.0.jar:/Users/sohailkhan/.m2/repository/org/springframework/boot/spring-boot-starter-webflux/3.3.0/spring-boot-starter-webflux-3.3.0.jar:/Users/sohailkhan/.m2/repository/org/springframework/boot/spring-boot-starter-json/3.3.0/spring-boot-starter-json-3.3.0.jar:/Users/sohailkhan/.m2/repository/com/fasterxml/jackson/core/jackson-databind/2.17.1/jackson-databind-2.17.1.jar:/Users/sohailkhan/.m2/repository/com/fasterxml/jackson/core/jackson-annotations/2.17.1/jackson-annotations-2.17.1.jar:/Users/sohailkhan/.m2/repository/com/fasterxml/jackson/core/jackson-core/2.17.1/jackson-core-2.17.1.jar:/Users/sohailkhan/.m2/repository/com/fasterxml/jackson/datatype/jackson-datatype-jdk8/2.17.1/jackson-datatype-jdk8-2.17.1.jar:/Users/sohailkhan/.m2/repository/com/fasterxml/jackson/datatype/jackson-datatype-jsr310/2.17.1/jackson-datatype-jsr310-2.17.1.jar:/Users/sohailkhan/.m2/repository/com/fasterxml/jackson/module/jackson-module-parameter-names/2.17.1/jackson-module-parameter-names-2.17.1.jar:/Users/sohailkhan/.m2/repository/org/springframework/boot/spring-boot-starter-reactor-netty/3.3.0/spring-boot-starter-reactor-netty-3.3.0.jar:/Users/sohailkhan/.m2/repository/io/projectreactor/netty/reactor-netty-http/1.1.19/reactor-netty-http-1.1.19.jar:/Users/sohailkhan/.m2/repository/io/netty/netty-codec-http/4.1.110.Final/netty-codec-http-4.1.110.Final.jar:/Users/sohailkhan/.m2/repository/io/netty/netty-common/4.1.110.Final/netty-common-4.1.110.Final.jar:/Users/sohailkhan/.m2/repository/io/netty/netty-buffer/4.1.110.Final/netty-buffer-4.1.110.Final.jar:/Users/sohailkhan/.m2/repository/io/netty/netty-transport/4.1.110.Final/netty-transport-4.1.110.Final.jar:/Users/sohailkhan/.m2/repository/io/netty/netty-codec/4.1.110.Final/netty-codec-4.1.110.Final.jar:/Users/sohailkhan/.m2/repository/io/netty/netty-handler/4.1.110.Final/netty-handler-4.1.110.Final.jar:/Users/sohailkhan/.m2/repository/io/netty/netty-codec-http2/4.1.110.Final/netty-codec-http2-4.1.110.Final.jar:/Users/sohailkhan/.m2/repository/io/netty/netty-resolver-dns/4.1.110.Final/netty-resolver-dns-4.1.110.Final.jar:/Users/sohailkhan/.m2/repository/io/netty/netty-resolver/4.1.110.Final/netty-resolver-4.1.110.Final.jar:/Users/sohailkhan/.m2/repository/io/netty/netty-codec-dns/4.1.110.Final/netty-codec-dns-4.1.110.Final.jar:/Users/sohailkhan/.m2/repository/io/netty/netty-resolver-dns-native-macos/4.1.110.Final/netty-resolver-dns-native-macos-4.1.110.Final-osx-x86_64.jar:/Users/sohailkhan/.m2/repository/io/netty/netty-resolver-dns-classes-macos/4.1.110.Final/netty-resolver-dns-classes-macos-4.1.110.Final.jar:/Users/sohailkhan/.m2/repository/io/netty/netty-transport-native-epoll/4.1.110.Final/netty-transport-native-epoll-4.1.110.Final-linux-x86_64.jar:/Users/sohailkhan/.m2/repository/io/netty/netty-transport-native-unix-common/4.1.110.Final/netty-transport-native-unix-common-4.1.110.Final.jar:/Users/sohailkhan/.m2/repository/io/netty/netty-transport-classes-epoll/4.1.110.Final/netty-transport-classes-epoll-4.1.110.Final.jar:/Users/sohailkhan/.m2/repository/io/projectreactor/netty/reactor-netty-core/1.1.19/reactor-netty-core-1.1.19.jar:/Users/sohailkhan/.m2/repository/io/netty/netty-handler-proxy/4.1.110.Final/netty-handler-proxy-4.1.110.Final.jar:/Users/sohailkhan/.m2/repository/io/netty/netty-codec-socks/4.1.110.Final/netty-codec-socks-4.1.110.Final.jar:/Users/sohailkhan/.m2/repository/org/springframework/spring-web/6.1.8/spring-web-6.1.8.jar:/Users/sohailkhan/.m2/repository/org/springframework/spring-webflux/6.1.8/spring-webflux-6.1.8.jar:/Users/sohailkhan/.m2/repository/org/springframework/boot/spring-boot-starter-actuator/3.3.0/spring-boot-starter-actuator-3.3.0.jar:/Users/sohailkhan/.m2/repository/org/springframework/boot/spring-boot-actuator-autoconfigure/3.3.0/spring-boot-actuator-autoconfigure-3.3.0.jar:/Users/sohailkhan/.m2/repository/org/springframework/boot/spring-boot-actuator/3.3.0/spring-boot-actuator-3.3.0.jar:/Users/sohailkhan/.m2/repository/io/micrometer/micrometer-observation/1.13.0/micrometer-observation-1.13.0.jar:/Users/sohailkhan/.m2/repository/io/micrometer/micrometer-commons/1.13.0/micrometer-commons-1.13.0.jar:/Users/sohailkhan/.m2/repository/io/micrometer/micrometer-jakarta9/1.13.0/micrometer-jakarta9-1.13.0.jar:/Users/sohailkhan/.m2/repository/io/micrometer/micrometer-core/1.13.0/micrometer-core-1.13.0.jar:/Users/sohailkhan/.m2/repository/org/hdrhistogram/HdrHistogram/2.2.1/HdrHistogram-2.2.1.jar:/Users/sohailkhan/.m2/repository/org/latencyutils/LatencyUtils/2.0.3/LatencyUtils-2.0.3.jar:/Users/sohailkhan/.m2/repository/org/projectlombok/lombok/1.18.32/lombok-1.18.32.jar:/Users/sohailkhan/.m2/repository/org/springframework/boot/spring-boot-starter-validation/3.3.0/spring-boot-starter-validation-3.3.0.jar:/Users/sohailkhan/.m2/repository/org/apache/tomcat/embed/tomcat-embed-el/10.1.24/tomcat-embed-el-10.1.24.jar:/Users/sohailkhan/.m2/repository/org/hibernate/validator/hibernate-validator/8.0.1.Final/hibernate-validator-8.0.1.Final.jar:/Users/sohailkhan/.m2/repository/jakarta/validation/jakarta.validation-api/3.0.2/jakarta.validation-api-3.0.2.jar:/Users/sohailkhan/.m2/repository/org/jboss/logging/jboss-logging/3.5.3.Final/jboss-logging-3.5.3.Final.jar:/Users/sohailkhan/.m2/repository/com/fasterxml/classmate/1.7.0/classmate-1.7.0.jar:/Users/sohailkhan/.m2/repository/org/springframework/boot/spring-boot-starter-test/3.3.0/spring-boot-starter-test-3.3.0.jar:/Users/sohailkhan/.m2/repository/org/springframework/boot/spring-boot-test/3.3.0/spring-boot-test-3.3.0.jar:/Users/sohailkhan/.m2/repository/org/springframework/boot/spring-boot-test-autoconfigure/3.3.0/spring-boot-test-autoconfigure-3.3.0.jar:/Users/sohailkhan/.m2/repository/com/jayway/jsonpath/json-path/2.9.0/json-path-2.9.0.jar:/Users/sohailkhan/.m2/repository/jakarta/xml/bind/jakarta.xml.bind-api/4.0.2/jakarta.xml.bind-api-4.0.2.jar:/Users/sohailkhan/.m2/repository/jakarta/activation/jakarta.activation-api/2.1.3/jakarta.activation-api-2.1.3.jar:/Users/sohailkhan/.m2/repository/net/minidev/json-smart/2.5.1/json-smart-2.5.1.jar:/Users/sohailkhan/.m2/repository/net/minidev/accessors-smart/2.5.1/accessors-smart-2.5.1.jar:/Users/sohailkhan/.m2/repository/org/ow2/asm/asm/9.6/asm-9.6.jar:/Users/sohailkhan/.m2/repository/org/assertj/assertj-core/3.25.3/assertj-core-3.25.3.jar:/Users/sohailkhan/.m2/repository/net/bytebuddy/byte-buddy/1.14.16/byte-buddy-1.14.16.jar:/Users/sohailkhan/.m2/repository/org/awaitility/awaitility/4.2.1/awaitility-4.2.1.jar:/Users/sohailkhan/.m2/repository/org/hamcrest/hamcrest/2.2/hamcrest-2.2.jar:/Users/sohailkhan/.m2/repository/org/junit/jupiter/junit-jupiter/5.10.2/junit-jupiter-5.10.2.jar:/Users/sohailkhan/.m2/repository/org/junit/jupiter/junit-jupiter-api/5.10.2/junit-jupiter-api-5.10.2.jar:/Users/sohailkhan/.m2/repository/org/opentest4j/opentest4j/1.3.0/opentest4j-1.3.0.jar:/Users/sohailkhan/.m2/repository/org/junit/platform/junit-platform-commons/1.10.2/junit-platform-commons-1.10.2.jar:/Users/sohailkhan/.m2/repository/org/apiguardian/apiguardian-api/1.1.2/apiguardian-api-1.1.2.jar:/Users/sohailkhan/.m2/repository/org/junit/jupiter/junit-jupiter-params/5.10.2/junit-jupiter-params-5.10.2.jar:/Users/sohailkhan/.m2/repository/org/junit/jupiter/junit-jupiter-engine/5.10.2/junit-jupiter-engine-5.10.2.jar:/Users/sohailkhan/.m2/repository/org/junit/platform/junit-platform-engine/1.10.2/junit-platform-engine-1.10.2.jar:/Users/sohailkhan/.m2/repository/org/mockito/mockito-core/5.11.0/mockito-core-5.11.0.jar:/Users/sohailkhan/.m2/repository/net/bytebuddy/byte-buddy-agent/1.14.16/byte-buddy-agent-1.14.16.jar:/Users/sohailkhan/.m2/repository/org/objenesis/objenesis/3.3/objenesis-3.3.jar:/Users/sohailkhan/.m2/repository/org/mockito/mockito-junit-jupiter/5.11.0/mockito-junit-jupiter-5.11.0.jar:/Users/sohailkhan/.m2/repository/org/skyscreamer/jsonassert/1.5.1/jsonassert-1.5.1.jar:/Users/sohailkhan/.m2/repository/com/vaadin/external/google/android-json/0.0.20131108.vaadin1/android-json-0.0.20131108.vaadin1.jar:/Users/sohailkhan/.m2/repository/org/springframework/spring-core/6.1.8/spring-core-6.1.8.jar:/Users/sohailkhan/.m2/repository/org/springframework/spring-jcl/6.1.8/spring-jcl-6.1.8.jar:/Users/sohailkhan/.m2/repository/org/springframework/spring-test/6.1.8/spring-test-6.1.8.jar:/Users/sohailkhan/.m2/repository/org/xmlunit/xmlunit-core/2.9.1/xmlunit-core-2.9.1.jar:/Users/sohailkhan/.m2/repository/cz/jirutka/spring/embedmongo-spring/1.3.1/embedmongo-spring-1.3.1.jar:/Users/sohailkhan/.m2/repository/org/mongodb/mongo-java-driver/2.13.0/mongo-java-driver-2.13.0.jar:/Users/sohailkhan/.m2/repository/org/slf4j/slf4j-api/2.0.13/slf4j-api-2.0.13.jar:"/>
    <property name="java.vm.vendor" value="Homebrew"/>
    <property name="sun.arch.data.model" value="64"/>
    <property name="java.vendor.url" value="https://github.com/Homebrew/homebrew-core/issues"/>
    <property name="user.timezone" value="Asia/Kolkata"/>
    <property name="org.jboss.logging.provider" value="slf4j"/>
    <property name="os.name" value="Mac OS X"/>
    <property name="java.vm.specification.version" value="21"/>
    <property name="sun.java.launcher" value="SUN_STANDARD"/>
    <property name="user.country" value="IN"/>
    <property name="sun.boot.library.path" value="/opt/homebrew/Cellar/openjdk@21/21.0.5/libexec/openjdk.jdk/Contents/Home/lib"/>
    <property name="sun.java.command" value="/Users/sohailkhan/Downloads/reactive-spring-webflux-main/movies-info-service/target/surefire/surefirebooter-20241214180804341_8.jar /Users/sohailkhan/Downloads/reactive-spring-webflux-main/movies-info-service/target/surefire 2024-12-14T18-08-02_243-jvmRun1 surefire-20241214180804341_6tmp surefire_1-20241214180804341_7tmp"/>
    <property name="http.nonProxyHosts" value="local|*.local|169.254/16|*.169.254/16"/>
    <property name="jdk.debug" value="release"/>
    <property name="surefire.test.class.path" value="/Users/sohailkhan/Downloads/reactive-spring-webflux-main/movies-info-service/target/test-classes:/Users/sohailkhan/Downloads/reactive-spring-webflux-main/movies-info-service/target/classes:/Users/sohailkhan/.m2/repository/org/springframework/boot/spring-boot-starter-data-mongodb-reactive/3.3.0/spring-boot-starter-data-mongodb-reactive-3.3.0.jar:/Users/sohailkhan/.m2/repository/org/springframework/boot/spring-boot-starter/3.3.0/spring-boot-starter-3.3.0.jar:/Users/sohailkhan/.m2/repository/org/springframework/boot/spring-boot/3.3.0/spring-boot-3.3.0.jar:/Users/sohailkhan/.m2/repository/org/springframework/boot/spring-boot-autoconfigure/3.3.0/spring-boot-autoconfigure-3.3.0.jar:/Users/sohailkhan/.m2/repository/org/springframework/boot/spring-boot-starter-logging/3.3.0/spring-boot-starter-logging-3.3.0.jar:/Users/sohailkhan/.m2/repository/ch/qos/logback/logback-classic/1.5.6/logback-classic-1.5.6.jar:/Users/sohailkhan/.m2/repository/ch/qos/logback/logback-core/1.5.6/logback-core-1.5.6.jar:/Users/sohailkhan/.m2/repository/org/apache/logging/log4j/log4j-to-slf4j/2.23.1/log4j-to-slf4j-2.23.1.jar:/Users/sohailkhan/.m2/repository/org/apache/logging/log4j/log4j-api/2.23.1/log4j-api-2.23.1.jar:/Users/sohailkhan/.m2/repository/org/slf4j/jul-to-slf4j/2.0.13/jul-to-slf4j-2.0.13.jar:/Users/sohailkhan/.m2/repository/jakarta/annotation/jakarta.annotation-api/2.1.1/jakarta.annotation-api-2.1.1.jar:/Users/sohailkhan/.m2/repository/org/yaml/snakeyaml/2.2/snakeyaml-2.2.jar:/Users/sohailkhan/.m2/repository/io/projectreactor/reactor-core/3.6.6/reactor-core-3.6.6.jar:/Users/sohailkhan/.m2/repository/org/reactivestreams/reactive-streams/1.0.4/reactive-streams-1.0.4.jar:/Users/sohailkhan/.m2/repository/org/mongodb/mongodb-driver-reactivestreams/5.0.1/mongodb-driver-reactivestreams-5.0.1.jar:/Users/sohailkhan/.m2/repository/org/mongodb/bson/5.0.1/bson-5.0.1.jar:/Users/sohailkhan/.m2/repository/org/mongodb/mongodb-driver-core/5.0.1/mongodb-driver-core-5.0.1.jar:/Users/sohailkhan/.m2/repository/org/mongodb/bson-record-codec/5.0.1/bson-record-codec-5.0.1.jar:/Users/sohailkhan/.m2/repository/org/springframework/data/spring-data-mongodb/4.3.0/spring-data-mongodb-4.3.0.jar:/Users/sohailkhan/.m2/repository/org/springframework/spring-tx/6.1.8/spring-tx-6.1.8.jar:/Users/sohailkhan/.m2/repository/org/springframework/spring-context/6.1.8/spring-context-6.1.8.jar:/Users/sohailkhan/.m2/repository/org/springframework/spring-aop/6.1.8/spring-aop-6.1.8.jar:/Users/sohailkhan/.m2/repository/org/springframework/spring-beans/6.1.8/spring-beans-6.1.8.jar:/Users/sohailkhan/.m2/repository/org/springframework/spring-expression/6.1.8/spring-expression-6.1.8.jar:/Users/sohailkhan/.m2/repository/org/springframework/data/spring-data-commons/3.3.0/spring-data-commons-3.3.0.jar:/Users/sohailkhan/.m2/repository/io/projectreactor/reactor-test/3.6.6/reactor-test-3.6.6.jar:/Users/sohailkhan/.m2/repository/de/flapdoodle/embed/de.flapdoodle.embed.mongo/3.0.0/de.flapdoodle.embed.mongo-3.0.0.jar:/Users/sohailkhan/.m2/repository/de/flapdoodle/embed/de.flapdoodle.embed.process/3.0.1/de.flapdoodle.embed.process-3.0.1.jar:/Users/sohailkhan/.m2/repository/org/apache/commons/commons-lang3/3.14.0/commons-lang3-3.14.0.jar:/Users/sohailkhan/.m2/repository/org/apache/commons/commons-compress/1.20/commons-compress-1.20.jar:/Users/sohailkhan/.m2/repository/net/java/dev/jna/jna/5.6.0/jna-5.6.0.jar:/Users/sohailkhan/.m2/repository/net/java/dev/jna/jna-platform/5.6.0/jna-platform-5.6.0.jar:/Users/sohailkhan/.m2/repository/org/springframework/boot/spring-boot-starter-webflux/3.3.0/spring-boot-starter-webflux-3.3.0.jar:/Users/sohailkhan/.m2/repository/org/springframework/boot/spring-boot-starter-json/3.3.0/spring-boot-starter-json-3.3.0.jar:/Users/sohailkhan/.m2/repository/com/fasterxml/jackson/core/jackson-databind/2.17.1/jackson-databind-2.17.1.jar:/Users/sohailkhan/.m2/repository/com/fasterxml/jackson/core/jackson-annotations/2.17.1/jackson-annotations-2.17.1.jar:/Users/sohailkhan/.m2/repository/com/fasterxml/jackson/core/jackson-core/2.17.1/jackson-core-2.17.1.jar:/Users/sohailkhan/.m2/repository/com/fasterxml/jackson/datatype/jackson-datatype-jdk8/2.17.1/jackson-datatype-jdk8-2.17.1.jar:/Users/sohailkhan/.m2/repository/com/fasterxml/jackson/datatype/jackson-datatype-jsr310/2.17.1/jackson-datatype-jsr310-2.17.1.jar:/Users/sohailkhan/.m2/repository/com/fasterxml/jackson/module/jackson-module-parameter-names/2.17.1/jackson-module-parameter-names-2.17.1.jar:/Users/sohailkhan/.m2/repository/org/springframework/boot/spring-boot-starter-reactor-netty/3.3.0/spring-boot-starter-reactor-netty-3.3.0.jar:/Users/sohailkhan/.m2/repository/io/projectreactor/netty/reactor-netty-http/1.1.19/reactor-netty-http-1.1.19.jar:/Users/sohailkhan/.m2/repository/io/netty/netty-codec-http/4.1.110.Final/netty-codec-http-4.1.110.Final.jar:/Users/sohailkhan/.m2/repository/io/netty/netty-common/4.1.110.Final/netty-common-4.1.110.Final.jar:/Users/sohailkhan/.m2/repository/io/netty/netty-buffer/4.1.110.Final/netty-buffer-4.1.110.Final.jar:/Users/sohailkhan/.m2/repository/io/netty/netty-transport/4.1.110.Final/netty-transport-4.1.110.Final.jar:/Users/sohailkhan/.m2/repository/io/netty/netty-codec/4.1.110.Final/netty-codec-4.1.110.Final.jar:/Users/sohailkhan/.m2/repository/io/netty/netty-handler/4.1.110.Final/netty-handler-4.1.110.Final.jar:/Users/sohailkhan/.m2/repository/io/netty/netty-codec-http2/4.1.110.Final/netty-codec-http2-4.1.110.Final.jar:/Users/sohailkhan/.m2/repository/io/netty/netty-resolver-dns/4.1.110.Final/netty-resolver-dns-4.1.110.Final.jar:/Users/sohailkhan/.m2/repository/io/netty/netty-resolver/4.1.110.Final/netty-resolver-4.1.110.Final.jar:/Users/sohailkhan/.m2/repository/io/netty/netty-codec-dns/4.1.110.Final/netty-codec-dns-4.1.110.Final.jar:/Users/sohailkhan/.m2/repository/io/netty/netty-resolver-dns-native-macos/4.1.110.Final/netty-resolver-dns-native-macos-4.1.110.Final-osx-x86_64.jar:/Users/sohailkhan/.m2/repository/io/netty/netty-resolver-dns-classes-macos/4.1.110.Final/netty-resolver-dns-classes-macos-4.1.110.Final.jar:/Users/sohailkhan/.m2/repository/io/netty/netty-transport-native-epoll/4.1.110.Final/netty-transport-native-epoll-4.1.110.Final-linux-x86_64.jar:/Users/sohailkhan/.m2/repository/io/netty/netty-transport-native-unix-common/4.1.110.Final/netty-transport-native-unix-common-4.1.110.Final.jar:/Users/sohailkhan/.m2/repository/io/netty/netty-transport-classes-epoll/4.1.110.Final/netty-transport-classes-epoll-4.1.110.Final.jar:/Users/sohailkhan/.m2/repository/io/projectreactor/netty/reactor-netty-core/1.1.19/reactor-netty-core-1.1.19.jar:/Users/sohailkhan/.m2/repository/io/netty/netty-handler-proxy/4.1.110.Final/netty-handler-proxy-4.1.110.Final.jar:/Users/sohailkhan/.m2/repository/io/netty/netty-codec-socks/4.1.110.Final/netty-codec-socks-4.1.110.Final.jar:/Users/sohailkhan/.m2/repository/org/springframework/spring-web/6.1.8/spring-web-6.1.8.jar:/Users/sohailkhan/.m2/repository/org/springframework/spring-webflux/6.1.8/spring-webflux-6.1.8.jar:/Users/sohailkhan/.m2/repository/org/springframework/boot/spring-boot-starter-actuator/3.3.0/spring-boot-starter-actuator-3.3.0.jar:/Users/sohailkhan/.m2/repository/org/springframework/boot/spring-boot-actuator-autoconfigure/3.3.0/spring-boot-actuator-autoconfigure-3.3.0.jar:/Users/sohailkhan/.m2/repository/org/springframework/boot/spring-boot-actuator/3.3.0/spring-boot-actuator-3.3.0.jar:/Users/sohailkhan/.m2/repository/io/micrometer/micrometer-observation/1.13.0/micrometer-observation-1.13.0.jar:/Users/sohailkhan/.m2/repository/io/micrometer/micrometer-commons/1.13.0/micrometer-commons-1.13.0.jar:/Users/sohailkhan/.m2/repository/io/micrometer/micrometer-jakarta9/1.13.0/micrometer-jakarta9-1.13.0.jar:/Users/sohailkhan/.m2/repository/io/micrometer/micrometer-core/1.13.0/micrometer-core-1.13.0.jar:/Users/sohailkhan/.m2/repository/org/hdrhistogram/HdrHistogram/2.2.1/HdrHistogram-2.2.1.jar:/Users/sohailkhan/.m2/repository/org/latencyutils/LatencyUtils/2.0.3/LatencyUtils-2.0.3.jar:/Users/sohailkhan/.m2/repository/org/projectlombok/lombok/1.18.32/lombok-1.18.32.jar:/Users/sohailkhan/.m2/repository/org/springframework/boot/spring-boot-starter-validation/3.3.0/spring-boot-starter-validation-3.3.0.jar:/Users/sohailkhan/.m2/repository/org/apache/tomcat/embed/tomcat-embed-el/10.1.24/tomcat-embed-el-10.1.24.jar:/Users/sohailkhan/.m2/repository/org/hibernate/validator/hibernate-validator/8.0.1.Final/hibernate-validator-8.0.1.Final.jar:/Users/sohailkhan/.m2/repository/jakarta/validation/jakarta.validation-api/3.0.2/jakarta.validation-api-3.0.2.jar:/Users/sohailkhan/.m2/repository/org/jboss/logging/jboss-logging/3.5.3.Final/jboss-logging-3.5.3.Final.jar:/Users/sohailkhan/.m2/repository/com/fasterxml/classmate/1.7.0/classmate-1.7.0.jar:/Users/sohailkhan/.m2/repository/org/springframework/boot/spring-boot-starter-test/3.3.0/spring-boot-starter-test-3.3.0.jar:/Users/sohailkhan/.m2/repository/org/springframework/boot/spring-boot-test/3.3.0/spring-boot-test-3.3.0.jar:/Users/sohailkhan/.m2/repository/org/springframework/boot/spring-boot-test-autoconfigure/3.3.0/spring-boot-test-autoconfigure-3.3.0.jar:/Users/sohailkhan/.m2/repository/com/jayway/jsonpath/json-path/2.9.0/json-path-2.9.0.jar:/Users/sohailkhan/.m2/repository/jakarta/xml/bind/jakarta.xml.bind-api/4.0.2/jakarta.xml.bind-api-4.0.2.jar:/Users/sohailkhan/.m2/repository/jakarta/activation/jakarta.activation-api/2.1.3/jakarta.activation-api-2.1.3.jar:/Users/sohailkhan/.m2/repository/net/minidev/json-smart/2.5.1/json-smart-2.5.1.jar:/Users/sohailkhan/.m2/repository/net/minidev/accessors-smart/2.5.1/accessors-smart-2.5.1.jar:/Users/sohailkhan/.m2/repository/org/ow2/asm/asm/9.6/asm-9.6.jar:/Users/sohailkhan/.m2/repository/org/assertj/assertj-core/3.25.3/assertj-core-3.25.3.jar:/Users/sohailkhan/.m2/repository/net/bytebuddy/byte-buddy/1.14.16/byte-buddy-1.14.16.jar:/Users/sohailkhan/.m2/repository/org/awaitility/awaitility/4.2.1/awaitility-4.2.1.jar:/Users/sohailkhan/.m2/repository/org/hamcrest/hamcrest/2.2/hamcrest-2.2.jar:/Users/sohailkhan/.m2/repository/org/junit/jupiter/junit-jupiter/5.10.2/junit-jupiter-5.10.2.jar:/Users/sohailkhan/.m2/repository/org/junit/jupiter/junit-jupiter-api/5.10.2/junit-jupiter-api-5.10.2.jar:/Users/sohailkhan/.m2/repository/org/opentest4j/opentest4j/1.3.0/opentest4j-1.3.0.jar:/Users/sohailkhan/.m2/repository/org/junit/platform/junit-platform-commons/1.10.2/junit-platform-commons-1.10.2.jar:/Users/sohailkhan/.m2/repository/org/apiguardian/apiguardian-api/1.1.2/apiguardian-api-1.1.2.jar:/Users/sohailkhan/.m2/repository/org/junit/jupiter/junit-jupiter-params/5.10.2/junit-jupiter-params-5.10.2.jar:/Users/sohailkhan/.m2/repository/org/junit/jupiter/junit-jupiter-engine/5.10.2/junit-jupiter-engine-5.10.2.jar:/Users/sohailkhan/.m2/repository/org/junit/platform/junit-platform-engine/1.10.2/junit-platform-engine-1.10.2.jar:/Users/sohailkhan/.m2/repository/org/mockito/mockito-core/5.11.0/mockito-core-5.11.0.jar:/Users/sohailkhan/.m2/repository/net/bytebuddy/byte-buddy-agent/1.14.16/byte-buddy-agent-1.14.16.jar:/Users/sohailkhan/.m2/repository/org/objenesis/objenesis/3.3/objenesis-3.3.jar:/Users/sohailkhan/.m2/repository/org/mockito/mockito-junit-jupiter/5.11.0/mockito-junit-jupiter-5.11.0.jar:/Users/sohailkhan/.m2/repository/org/skyscreamer/jsonassert/1.5.1/jsonassert-1.5.1.jar:/Users/sohailkhan/.m2/repository/com/vaadin/external/google/android-json/0.0.20131108.vaadin1/android-json-0.0.20131108.vaadin1.jar:/Users/sohailkhan/.m2/repository/org/springframework/spring-core/6.1.8/spring-core-6.1.8.jar:/Users/sohailkhan/.m2/repository/org/springframework/spring-jcl/6.1.8/spring-jcl-6.1.8.jar:/Users/sohailkhan/.m2/repository/org/springframework/spring-test/6.1.8/spring-test-6.1.8.jar:/Users/sohailkhan/.m2/repository/org/xmlunit/xmlunit-core/2.9.1/xmlunit-core-2.9.1.jar:/Users/sohailkhan/.m2/repository/cz/jirutka/spring/embedmongo-spring/1.3.1/embedmongo-spring-1.3.1.jar:/Users/sohailkhan/.m2/repository/org/mongodb/mongo-java-driver/2.13.0/mongo-java-driver-2.13.0.jar:/Users/sohailkhan/.m2/repository/org/slf4j/slf4j-api/2.0.13/slf4j-api-2.0.13.jar:"/>
    <property name="sun.cpu.endian" value="little"/>
    <property name="user.home" value="/Users/sohailkhan"/>
    <property name="user.language" value="en"/>
    <property name="java.specification.vendor" value="Oracle Corporation"/>
    <property name="java.version.date" value="2024-10-15"/>
    <property name="java.home" value="/opt/homebrew/Cellar/openjdk@21/21.0.5/libexec/openjdk.jdk/Contents/Home"/>
    <property name="file.separator" value="/"/>
    <property name="basedir" value="/Users/sohailkhan/Downloads/reactive-spring-webflux-main/movies-info-service"/>
    <property name="java.vm.compressedOopsMode" value="Zero based"/>
    <property name="line.separator" value="&#10;"/>
    <property name="java.vm.specification.vendor" value="Oracle Corporation"/>
    <property name="java.specification.name" value="Java Platform API Specification"/>
    <property name="FILE_LOG_CHARSET" value="UTF-8"/>
    <property name="java.awt.headless" value="true"/>
    <property name="apple.awt.application.name" value="ForkedBooter"/>
    <property name="surefire.real.class.path" value="/Users/sohailkhan/Downloads/reactive-spring-webflux-main/movies-info-service/target/surefire/surefirebooter-20241214180804341_8.jar"/>
    <property name="sun.management.compiler" value="HotSpot 64-Bit Tiered Compilers"/>
    <property name="ftp.nonProxyHosts" value="local|*.local|169.254/16|*.169.254/16"/>
    <property name="java.runtime.version" value="21.0.5"/>
    <property name="user.name" value="sohailkhan"/>
    <property name="stdout.encoding" value="UTF-8"/>
    <property name="path.separator" value=":"/>
    <property name="os.version" value="15.1.1"/>
    <property name="java.runtime.name" value="OpenJDK Runtime Environment"/>
    <property name="file.encoding" value="UTF-8"/>
    <property name="java.vm.name" value="OpenJDK 64-Bit Server VM"/>
    <property name="java.vendor.version" value="Homebrew"/>
    <property name="localRepository" value="/Users/sohailkhan/.m2/repository"/>
    <property name="java.vendor.url.bug" value="https://github.com/Homebrew/homebrew-core/issues"/>
    <property name="java.io.tmpdir" value="/var/folders/sc/fpr5r_ds16s5ph9s71t0h4wm0000gn/T/"/>
    <property name="java.version" value="21.0.5"/>
    <property name="user.dir" value="/Users/sohailkhan/Downloads/reactive-spring-webflux-main/movies-info-service"/>
    <property name="os.arch" value="aarch64"/>
    <property name="java.vm.specification.name" value="Java Virtual Machine Specification"/>
    <property name="PID" value="32168"/>
    <property name="CONSOLE_LOG_CHARSET" value="UTF-8"/>
    <property name="native.encoding" value="UTF-8"/>
    <property name="java.library.path" value="/Users/sohailkhan/Library/Java/Extensions:/Library/Java/Extensions:/Network/Library/Java/Extensions:/System/Library/Java/Extensions:/usr/lib/java:."/>
    <property name="java.vm.info" value="mixed mode, sharing"/>
    <property name="stderr.encoding" value="UTF-8"/>
    <property name="java.vendor" value="Homebrew"/>
    <property name="java.vm.version" value="21.0.5"/>
    <property name="sun.io.unicode.encoding" value="UnicodeBig"/>
    <property name="socksNonProxyHosts" value="local|*.local|169.254/16|*.169.254/16"/>
    <property name="java.class.version" value="65.0"/>
  </properties>
  <testcase name="testFlux" classname="com.reactivespring.controller.FluxAndMonoEndPointTest" time="0.091">
    <system-out><![CDATA[2024-12-14T18:08:06.934+05:30  INFO 32168 --- [           main] t.c.s.AnnotationConfigContextLoaderUtils : Could not detect default configuration classes for test class [com.reactivespring.controller.FluxAndMonoEndPointTest]: FluxAndMonoEndPointTest does not declare any static, non-private, non-final, nested classes annotated with @Configuration.
2024-12-14T18:08:06.946+05:30  INFO 32168 --- [           main] .b.t.c.SpringBootTestContextBootstrapper : Found @SpringBootConfiguration com.reactivespring.MoviesInfoServiceApplication for test class com.reactivespring.controller.FluxAndMonoEndPointTest
  .   ____          _            __ _ _
 /\\ / ___'_ __ _ _(_)_ __  __ _ \ \ \ \
( ( )\___ | '_ | '_| | '_ \/ _` | \ \ \ \
 \\/  ___)| |_)| | | | | || (_| |  ) ) ) )
  '  |____| .__|_| |_|_| |_\__, | / / / /
 =========|_|==============|___/=/_/_/_/

 :: Spring Boot ::                (v3.3.0)

2024-12-14T18:08:06.965+05:30  INFO 32168 --- [           main] c.r.controller.FluxAndMonoEndPointTest   : Starting FluxAndMonoEndPointTest using Java 21.0.5 with PID 32168 (started by sohailkhan in /Users/sohailkhan/Downloads/reactive-spring-webflux-main/movies-info-service)
2024-12-14T18:08:06.965+05:30  INFO 32168 --- [           main] c.r.controller.FluxAndMonoEndPointTest   : The following 1 profile is active: "local"
2024-12-14T18:08:07.169+05:30  INFO 32168 --- [           main] c.r.controller.FluxAndMonoEndPointTest   : Started FluxAndMonoEndPointTest in 0.22 seconds (process running for 2.785)
2024-12-14T18:08:07.219+05:30  INFO 32168 --- [     parallel-1] reactor.Flux.Iterable.6                  : | onSubscribe([Synchronous Fuseable] FluxIterable.IterableSubscription)
2024-12-14T18:08:07.219+05:30  INFO 32168 --- [     parallel-1] reactor.Flux.Iterable.6                  : | request(1)
2024-12-14T18:08:07.219+05:30  INFO 32168 --- [     parallel-1] reactor.Flux.Iterable.6                  : | onNext(FluxAndMonoEndPoint.Person(name=Sohail&amp#1;, age=26, mobile=+91-8225885153, id=1))
2024-12-14T18:08:07.246+05:30  INFO 32168 --- [           main] reactor.Flux.Iterable.6                  : | request(31)
2024-12-14T18:08:07.247+05:30  INFO 32168 --- [           main] reactor.Flux.Iterable.6                  : | onNext(FluxAndMonoEndPoint.Person(name=Sohail&amp#2;, age=27, mobile=+91-8225885153, id=2))
2024-12-14T18:08:07.247+05:30  INFO 32168 --- [           main] reactor.Flux.Iterable.6                  : | onNext(FluxAndMonoEndPoint.Person(name=Sohail&amp#3;, age=28, mobile=+91-8225885153, id=3))
2024-12-14T18:08:07.247+05:30  INFO 32168 --- [           main] reactor.Flux.Iterable.6                  : | onNext(FluxAndMonoEndPoint.Person(name=Sohail&amp#4;, age=29, mobile=+91-8225885153, id=4))
2024-12-14T18:08:07.247+05:30  INFO 32168 --- [           main] reactor.Flux.Iterable.6                  : | onNext(FluxAndMonoEndPoint.Person(name=Sohail&amp#5;, age=30, mobile=+91-8225885153, id=5))
2024-12-14T18:08:07.247+05:30  INFO 32168 --- [           main] reactor.Flux.Iterable.6                  : | onNext(FluxAndMonoEndPoint.Person(name=Sohail&amp#6;, age=31, mobile=+91-8225885153, id=6))
2024-12-14T18:08:07.247+05:30  INFO 32168 --- [           main] reactor.Flux.Iterable.6                  : | onNext(FluxAndMonoEndPoint.Person(name=Sohail&amp#7;, age=32, mobile=+91-8225885153, id=7))
2024-12-14T18:08:07.248+05:30  INFO 32168 --- [           main] reactor.Flux.Iterable.6                  : | onNext(FluxAndMonoEndPoint.Person(name=Sohail&amp#8;, age=33, mobile=+91-8225885153, id=8))
2024-12-14T18:08:07.248+05:30  INFO 32168 --- [           main] reactor.Flux.Iterable.6                  : | onNext(FluxAndMonoEndPoint.Person(name=Sohail	, age=34, mobile=+91-8225885153, id=9))
2024-12-14T18:08:07.248+05:30  INFO 32168 --- [           main] reactor.Flux.Iterable.6                  : | onNext(FluxAndMonoEndPoint.Person(name=Sohail
, age=35, mobile=+91-8225885153, id=10))
2024-12-14T18:08:07.248+05:30  INFO 32168 --- [           main] reactor.Flux.Iterable.6                  : | onNext(FluxAndMonoEndPoint.Person(name=Sohail&amp#11;, age=36, mobile=+91-8225885153, id=11))
2024-12-14T18:08:07.248+05:30  INFO 32168 --- [           main] reactor.Flux.Iterable.6                  : | onNext(FluxAndMonoEndPoint.Person(name=Sohail&amp#12;, age=37, mobile=+91-8225885153, id=12))
2024-12-14T18:08:07.248+05:30  INFO 32168 --- [           main] reactor.Flux.Iterable.6                  : | onNext(FluxAndMonoEndPoint.Person(name=Sohail, age=38, mobile=+91-8225885153, id=13))
2024-12-14T18:08:07.248+05:30  INFO 32168 --- [           main] reactor.Flux.Iterable.6                  : | onNext(FluxAndMonoEndPoint.Person(name=Sohail&amp#14;, age=39, mobile=+91-8225885153, id=14))
2024-12-14T18:08:07.248+05:30  INFO 32168 --- [           main] reactor.Flux.Iterable.6                  : | onNext(FluxAndMonoEndPoint.Person(name=Sohail&amp#15;, age=40, mobile=+91-8225885153, id=15))
2024-12-14T18:08:07.249+05:30  INFO 32168 --- [           main] reactor.Flux.Iterable.6                  : | onNext(FluxAndMonoEndPoint.Person(name=Sohail&amp#16;, age=41, mobile=+91-8225885153, id=16))
2024-12-14T18:08:07.249+05:30  INFO 32168 --- [           main] reactor.Flux.Iterable.6                  : | onNext(FluxAndMonoEndPoint.Person(name=Sohail&amp#17;, age=42, mobile=+91-8225885153, id=17))
2024-12-14T18:08:07.249+05:30  INFO 32168 --- [           main] reactor.Flux.Iterable.6                  : | onNext(FluxAndMonoEndPoint.Person(name=Sohail&amp#18;, age=43, mobile=+91-8225885153, id=18))
2024-12-14T18:08:07.249+05:30  INFO 32168 --- [           main] reactor.Flux.Iterable.6                  : | onNext(FluxAndMonoEndPoint.Person(name=Sohail&amp#19;, age=44, mobile=+91-8225885153, id=19))
2024-12-14T18:08:07.249+05:30  INFO 32168 --- [           main] reactor.Flux.Iterable.6                  : | onNext(FluxAndMonoEndPoint.Person(name=Sohail&amp#20;, age=45, mobile=+91-8225885153, id=20))
2024-12-14T18:08:07.249+05:30  INFO 32168 --- [           main] reactor.Flux.Iterable.6                  : | onNext(FluxAndMonoEndPoint.Person(name=Sohail&amp#21;, age=46, mobile=+91-8225885153, id=21))
2024-12-14T18:08:07.249+05:30  INFO 32168 --- [           main] reactor.Flux.Iterable.6                  : | onNext(FluxAndMonoEndPoint.Person(name=Sohail&amp#22;, age=47, mobile=+91-8225885153, id=22))
2024-12-14T18:08:07.249+05:30  INFO 32168 --- [           main] reactor.Flux.Iterable.6                  : | onNext(FluxAndMonoEndPoint.Person(name=Sohail&amp#23;, age=48, mobile=+91-8225885153, id=23))
2024-12-14T18:08:07.250+05:30  INFO 32168 --- [           main] reactor.Flux.Iterable.6                  : | onNext(FluxAndMonoEndPoint.Person(name=Sohail&amp#24;, age=49, mobile=+91-8225885153, id=24))
2024-12-14T18:08:07.250+05:30  INFO 32168 --- [           main] reactor.Flux.Iterable.6                  : | request(24)
2024-12-14T18:08:07.250+05:30  INFO 32168 --- [           main] reactor.Flux.Iterable.6                  : | onNext(FluxAndMonoEndPoint.Person(name=Sohail&amp#25;, age=50, mobile=+91-8225885153, id=25))
2024-12-14T18:08:07.250+05:30  INFO 32168 --- [           main] reactor.Flux.Iterable.6                  : | onNext(FluxAndMonoEndPoint.Person(name=Sohail&amp#26;, age=51, mobile=+91-8225885153, id=26))
2024-12-14T18:08:07.250+05:30  INFO 32168 --- [           main] reactor.Flux.Iterable.6                  : | onNext(FluxAndMonoEndPoint.Person(name=Sohail&amp#27;, age=52, mobile=+91-8225885153, id=27))
2024-12-14T18:08:07.250+05:30  INFO 32168 --- [           main] reactor.Flux.Iterable.6                  : | onNext(FluxAndMonoEndPoint.Person(name=Sohail&amp#28;, age=53, mobile=+91-8225885153, id=28))
2024-12-14T18:08:07.250+05:30  INFO 32168 --- [           main] reactor.Flux.Iterable.6                  : | onNext(FluxAndMonoEndPoint.Person(name=Sohail&amp#29;, age=54, mobile=+91-8225885153, id=29))
2024-12-14T18:08:07.250+05:30  INFO 32168 --- [           main] reactor.Flux.Iterable.6                  : | onNext(FluxAndMonoEndPoint.Person(name=Sohail&amp#30;, age=55, mobile=+91-8225885153, id=30))
2024-12-14T18:08:07.251+05:30  INFO 32168 --- [           main] reactor.Flux.Iterable.6                  : | onNext(FluxAndMonoEndPoint.Person(name=Sohail&amp#31;, age=56, mobile=+91-8225885153, id=31))
2024-12-14T18:08:07.251+05:30  INFO 32168 --- [           main] reactor.Flux.Iterable.6                  : | onNext(FluxAndMonoEndPoint.Person(name=Sohail , age=57, mobile=+91-8225885153, id=32))
2024-12-14T18:08:07.251+05:30  INFO 32168 --- [           main] reactor.Flux.Iterable.6                  : | onNext(FluxAndMonoEndPoint.Person(name=Sohail!, age=58, mobile=+91-8225885153, id=33))
2024-12-14T18:08:07.251+05:30  INFO 32168 --- [           main] reactor.Flux.Iterable.6                  : | onNext(FluxAndMonoEndPoint.Person(name=Sohail", age=59, mobile=+91-8225885153, id=34))
2024-12-14T18:08:07.251+05:30  INFO 32168 --- [           main] reactor.Flux.Iterable.6                  : | onNext(FluxAndMonoEndPoint.Person(name=Sohail#, age=60, mobile=+91-8225885153, id=35))
2024-12-14T18:08:07.251+05:30  INFO 32168 --- [           main] reactor.Flux.Iterable.6                  : | onNext(FluxAndMonoEndPoint.Person(name=Sohail$, age=61, mobile=+91-8225885153, id=36))
2024-12-14T18:08:07.251+05:30  INFO 32168 --- [           main] reactor.Flux.Iterable.6                  : | onNext(FluxAndMonoEndPoint.Person(name=Sohail%, age=62, mobile=+91-8225885153, id=37))
2024-12-14T18:08:07.251+05:30  INFO 32168 --- [           main] reactor.Flux.Iterable.6                  : | onNext(FluxAndMonoEndPoint.Person(name=Sohail&, age=63, mobile=+91-8225885153, id=38))
2024-12-14T18:08:07.252+05:30  INFO 32168 --- [           main] reactor.Flux.Iterable.6                  : | onNext(FluxAndMonoEndPoint.Person(name=Sohail', age=64, mobile=+91-8225885153, id=39))
2024-12-14T18:08:07.252+05:30  INFO 32168 --- [           main] reactor.Flux.Iterable.6                  : | onNext(FluxAndMonoEndPoint.Person(name=Sohail(, age=65, mobile=+91-8225885153, id=40))
2024-12-14T18:08:07.252+05:30  INFO 32168 --- [           main] reactor.Flux.Iterable.6                  : | onNext(FluxAndMonoEndPoint.Person(name=Sohail), age=66, mobile=+91-8225885153, id=41))
2024-12-14T18:08:07.252+05:30  INFO 32168 --- [           main] reactor.Flux.Iterable.6                  : | onNext(FluxAndMonoEndPoint.Person(name=Sohail*, age=67, mobile=+91-8225885153, id=42))
2024-12-14T18:08:07.252+05:30  INFO 32168 --- [           main] reactor.Flux.Iterable.6                  : | onNext(FluxAndMonoEndPoint.Person(name=Sohail+, age=68, mobile=+91-8225885153, id=43))
2024-12-14T18:08:07.252+05:30  INFO 32168 --- [           main] reactor.Flux.Iterable.6                  : | onNext(FluxAndMonoEndPoint.Person(name=Sohail,, age=69, mobile=+91-8225885153, id=44))
2024-12-14T18:08:07.252+05:30  INFO 32168 --- [           main] reactor.Flux.Iterable.6                  : | onNext(FluxAndMonoEndPoint.Person(name=Sohail-, age=70, mobile=+91-8225885153, id=45))
2024-12-14T18:08:07.252+05:30  INFO 32168 --- [           main] reactor.Flux.Iterable.6                  : | onNext(FluxAndMonoEndPoint.Person(name=Sohail., age=71, mobile=+91-8225885153, id=46))
2024-12-14T18:08:07.253+05:30  INFO 32168 --- [           main] reactor.Flux.Iterable.6                  : | onNext(FluxAndMonoEndPoint.Person(name=Sohail/, age=72, mobile=+91-8225885153, id=47))
2024-12-14T18:08:07.253+05:30  INFO 32168 --- [           main] reactor.Flux.Iterable.6                  : | onNext(FluxAndMonoEndPoint.Person(name=Sohail0, age=73, mobile=+91-8225885153, id=48))
2024-12-14T18:08:07.253+05:30  INFO 32168 --- [           main] reactor.Flux.Iterable.6                  : | request(24)
2024-12-14T18:08:07.253+05:30  INFO 32168 --- [           main] reactor.Flux.Iterable.6                  : | onNext(FluxAndMonoEndPoint.Person(name=Sohail1, age=74, mobile=+91-8225885153, id=49))
2024-12-14T18:08:07.253+05:30  INFO 32168 --- [           main] reactor.Flux.Iterable.6                  : | onNext(FluxAndMonoEndPoint.Person(name=Sohail2, age=75, mobile=+91-8225885153, id=50))
2024-12-14T18:08:07.253+05:30  INFO 32168 --- [           main] reactor.Flux.Iterable.6                  : | onNext(FluxAndMonoEndPoint.Person(name=Sohail3, age=76, mobile=+91-8225885153, id=51))
2024-12-14T18:08:07.253+05:30  INFO 32168 --- [           main] reactor.Flux.Iterable.6                  : | onNext(FluxAndMonoEndPoint.Person(name=Sohail4, age=77, mobile=+91-8225885153, id=52))
2024-12-14T18:08:07.253+05:30  INFO 32168 --- [           main] reactor.Flux.Iterable.6                  : | onNext(FluxAndMonoEndPoint.Person(name=Sohail5, age=78, mobile=+91-8225885153, id=53))
2024-12-14T18:08:07.253+05:30  INFO 32168 --- [           main] reactor.Flux.Iterable.6                  : | onNext(FluxAndMonoEndPoint.Person(name=Sohail6, age=79, mobile=+91-8225885153, id=54))
2024-12-14T18:08:07.254+05:30  INFO 32168 --- [           main] reactor.Flux.Iterable.6                  : | onNext(FluxAndMonoEndPoint.Person(name=Sohail7, age=80, mobile=+91-8225885153, id=55))
2024-12-14T18:08:07.254+05:30  INFO 32168 --- [           main] reactor.Flux.Iterable.6                  : | onNext(FluxAndMonoEndPoint.Person(name=Sohail8, age=81, mobile=+91-8225885153, id=56))
2024-12-14T18:08:07.254+05:30  INFO 32168 --- [           main] reactor.Flux.Iterable.6                  : | onNext(FluxAndMonoEndPoint.Person(name=Sohail9, age=82, mobile=+91-8225885153, id=57))
2024-12-14T18:08:07.254+05:30  INFO 32168 --- [           main] reactor.Flux.Iterable.6                  : | onNext(FluxAndMonoEndPoint.Person(name=Sohail:, age=83, mobile=+91-8225885153, id=58))
2024-12-14T18:08:07.254+05:30  INFO 32168 --- [           main] reactor.Flux.Iterable.6                  : | onNext(FluxAndMonoEndPoint.Person(name=Sohail;, age=84, mobile=+91-8225885153, id=59))
2024-12-14T18:08:07.254+05:30  INFO 32168 --- [           main] reactor.Flux.Iterable.6                  : | onNext(FluxAndMonoEndPoint.Person(name=Sohail<, age=85, mobile=+91-8225885153, id=60))
2024-12-14T18:08:07.254+05:30  INFO 32168 --- [           main] reactor.Flux.Iterable.6                  : | onNext(FluxAndMonoEndPoint.Person(name=Sohail=, age=86, mobile=+91-8225885153, id=61))
2024-12-14T18:08:07.254+05:30  INFO 32168 --- [           main] reactor.Flux.Iterable.6                  : | onNext(FluxAndMonoEndPoint.Person(name=Sohail>, age=87, mobile=+91-8225885153, id=62))
2024-12-14T18:08:07.255+05:30  INFO 32168 --- [           main] reactor.Flux.Iterable.6                  : | onNext(FluxAndMonoEndPoint.Person(name=Sohail?, age=88, mobile=+91-8225885153, id=63))
2024-12-14T18:08:07.255+05:30  INFO 32168 --- [           main] reactor.Flux.Iterable.6                  : | onNext(FluxAndMonoEndPoint.Person(name=Sohail@, age=89, mobile=+91-8225885153, id=64))
2024-12-14T18:08:07.255+05:30  INFO 32168 --- [           main] reactor.Flux.Iterable.6                  : | onNext(FluxAndMonoEndPoint.Person(name=SohailA, age=90, mobile=+91-8225885153, id=65))
2024-12-14T18:08:07.255+05:30  INFO 32168 --- [           main] reactor.Flux.Iterable.6                  : | onNext(FluxAndMonoEndPoint.Person(name=SohailB, age=91, mobile=+91-8225885153, id=66))
2024-12-14T18:08:07.255+05:30  INFO 32168 --- [           main] reactor.Flux.Iterable.6                  : | onNext(FluxAndMonoEndPoint.Person(name=SohailC, age=92, mobile=+91-8225885153, id=67))
2024-12-14T18:08:07.255+05:30  INFO 32168 --- [           main] reactor.Flux.Iterable.6                  : | onNext(FluxAndMonoEndPoint.Person(name=SohailD, age=93, mobile=+91-8225885153, id=68))
2024-12-14T18:08:07.255+05:30  INFO 32168 --- [           main] reactor.Flux.Iterable.6                  : | onNext(FluxAndMonoEndPoint.Person(name=SohailE, age=94, mobile=+91-8225885153, id=69))
2024-12-14T18:08:07.256+05:30  INFO 32168 --- [           main] reactor.Flux.Iterable.6                  : | onNext(FluxAndMonoEndPoint.Person(name=SohailF, age=95, mobile=+91-8225885153, id=70))
2024-12-14T18:08:07.256+05:30  INFO 32168 --- [           main] reactor.Flux.Iterable.6                  : | onNext(FluxAndMonoEndPoint.Person(name=SohailG, age=96, mobile=+91-8225885153, id=71))
2024-12-14T18:08:07.256+05:30  INFO 32168 --- [           main] reactor.Flux.Iterable.6                  : | onNext(FluxAndMonoEndPoint.Person(name=SohailH, age=97, mobile=+91-8225885153, id=72))
2024-12-14T18:08:07.256+05:30  INFO 32168 --- [           main] reactor.Flux.Iterable.6                  : | request(24)
2024-12-14T18:08:07.256+05:30  INFO 32168 --- [           main] reactor.Flux.Iterable.6                  : | onNext(FluxAndMonoEndPoint.Person(name=SohailI, age=98, mobile=+91-8225885153, id=73))
2024-12-14T18:08:07.256+05:30  INFO 32168 --- [           main] reactor.Flux.Iterable.6                  : | onNext(FluxAndMonoEndPoint.Person(name=SohailJ, age=99, mobile=+91-8225885153, id=74))
2024-12-14T18:08:07.256+05:30  INFO 32168 --- [           main] reactor.Flux.Iterable.6                  : | onNext(FluxAndMonoEndPoint.Person(name=SohailK, age=100, mobile=+91-8225885153, id=75))
2024-12-14T18:08:07.256+05:30  INFO 32168 --- [           main] reactor.Flux.Iterable.6                  : | onNext(FluxAndMonoEndPoint.Person(name=SohailL, age=101, mobile=+91-8225885153, id=76))
2024-12-14T18:08:07.256+05:30  INFO 32168 --- [           main] reactor.Flux.Iterable.6                  : | onNext(FluxAndMonoEndPoint.Person(name=SohailM, age=102, mobile=+91-8225885153, id=77))
2024-12-14T18:08:07.256+05:30  INFO 32168 --- [           main] reactor.Flux.Iterable.6                  : | onNext(FluxAndMonoEndPoint.Person(name=SohailN, age=103, mobile=+91-8225885153, id=78))
2024-12-14T18:08:07.257+05:30  INFO 32168 --- [           main] reactor.Flux.Iterable.6                  : | onNext(FluxAndMonoEndPoint.Person(name=SohailO, age=104, mobile=+91-8225885153, id=79))
2024-12-14T18:08:07.257+05:30  INFO 32168 --- [           main] reactor.Flux.Iterable.6                  : | onNext(FluxAndMonoEndPoint.Person(name=SohailP, age=105, mobile=+91-8225885153, id=80))
2024-12-14T18:08:07.257+05:30  INFO 32168 --- [           main] reactor.Flux.Iterable.6                  : | onNext(FluxAndMonoEndPoint.Person(name=SohailQ, age=106, mobile=+91-8225885153, id=81))
2024-12-14T18:08:07.257+05:30  INFO 32168 --- [           main] reactor.Flux.Iterable.6                  : | onNext(FluxAndMonoEndPoint.Person(name=SohailR, age=107, mobile=+91-8225885153, id=82))
2024-12-14T18:08:07.257+05:30  INFO 32168 --- [           main] reactor.Flux.Iterable.6                  : | onNext(FluxAndMonoEndPoint.Person(name=SohailS, age=108, mobile=+91-8225885153, id=83))
2024-12-14T18:08:07.257+05:30  INFO 32168 --- [           main] reactor.Flux.Iterable.6                  : | onNext(FluxAndMonoEndPoint.Person(name=SohailT, age=109, mobile=+91-8225885153, id=84))
2024-12-14T18:08:07.257+05:30  INFO 32168 --- [           main] reactor.Flux.Iterable.6                  : | onNext(FluxAndMonoEndPoint.Person(name=SohailU, age=110, mobile=+91-8225885153, id=85))
2024-12-14T18:08:07.257+05:30  INFO 32168 --- [           main] reactor.Flux.Iterable.6                  : | onNext(FluxAndMonoEndPoint.Person(name=SohailV, age=111, mobile=+91-8225885153, id=86))
2024-12-14T18:08:07.257+05:30  INFO 32168 --- [           main] reactor.Flux.Iterable.6                  : | onNext(FluxAndMonoEndPoint.Person(name=SohailW, age=112, mobile=+91-8225885153, id=87))
2024-12-14T18:08:07.257+05:30  INFO 32168 --- [           main] reactor.Flux.Iterable.6                  : | onNext(FluxAndMonoEndPoint.Person(name=SohailX, age=113, mobile=+91-8225885153, id=88))
2024-12-14T18:08:07.258+05:30  INFO 32168 --- [           main] reactor.Flux.Iterable.6                  : | onNext(FluxAndMonoEndPoint.Person(name=SohailY, age=114, mobile=+91-8225885153, id=89))
2024-12-14T18:08:07.258+05:30  INFO 32168 --- [           main] reactor.Flux.Iterable.6                  : | onNext(FluxAndMonoEndPoint.Person(name=SohailZ, age=115, mobile=+91-8225885153, id=90))
2024-12-14T18:08:07.258+05:30  INFO 32168 --- [           main] reactor.Flux.Iterable.6                  : | onNext(FluxAndMonoEndPoint.Person(name=Sohail[, age=116, mobile=+91-8225885153, id=91))
2024-12-14T18:08:07.258+05:30  INFO 32168 --- [           main] reactor.Flux.Iterable.6                  : | onNext(FluxAndMonoEndPoint.Person(name=Sohail\, age=117, mobile=+91-8225885153, id=92))
2024-12-14T18:08:07.258+05:30  INFO 32168 --- [           main] reactor.Flux.Iterable.6                  : | onNext(FluxAndMonoEndPoint.Person(name=Sohail], age=118, mobile=+91-8225885153, id=93))
2024-12-14T18:08:07.258+05:30  INFO 32168 --- [           main] reactor.Flux.Iterable.6                  : | onNext(FluxAndMonoEndPoint.Person(name=Sohail^, age=119, mobile=+91-8225885153, id=94))
2024-12-14T18:08:07.258+05:30  INFO 32168 --- [           main] reactor.Flux.Iterable.6                  : | onNext(FluxAndMonoEndPoint.Person(name=Sohail_, age=120, mobile=+91-8225885153, id=95))
2024-12-14T18:08:07.258+05:30  INFO 32168 --- [           main] reactor.Flux.Iterable.6                  : | onNext(FluxAndMonoEndPoint.Person(name=Sohail`, age=121, mobile=+91-8225885153, id=96))
2024-12-14T18:08:07.258+05:30  INFO 32168 --- [           main] reactor.Flux.Iterable.6                  : | request(24)
2024-12-14T18:08:07.258+05:30  INFO 32168 --- [           main] reactor.Flux.Iterable.6                  : | onNext(FluxAndMonoEndPoint.Person(name=Sohaila, age=122, mobile=+91-8225885153, id=97))
2024-12-14T18:08:07.259+05:30  INFO 32168 --- [           main] reactor.Flux.Iterable.6                  : | onNext(FluxAndMonoEndPoint.Person(name=Sohailb, age=123, mobile=+91-8225885153, id=98))
2024-12-14T18:08:07.259+05:30  INFO 32168 --- [           main] reactor.Flux.Iterable.6                  : | onNext(FluxAndMonoEndPoint.Person(name=Sohailc, age=124, mobile=+91-8225885153, id=99))
2024-12-14T18:08:07.259+05:30  INFO 32168 --- [           main] reactor.Flux.Iterable.6                  : | onNext(FluxAndMonoEndPoint.Person(name=Sohaild, age=125, mobile=+91-8225885153, id=100))
2024-12-14T18:08:07.259+05:30  INFO 32168 --- [           main] reactor.Flux.Iterable.6                  : | onComplete()
]]></system-out>
  </testcase>
  <testcase name="testFluxApproach02" classname="com.reactivespring.controller.FluxAndMonoEndPointTest" time="0.009">
    <system-out><![CDATA[2024-12-14T18:08:07.264+05:30  INFO 32168 --- [     parallel-2] reactor.Flux.Iterable.7                  : | onSubscribe([Synchronous Fuseable] FluxIterable.IterableSubscription)
2024-12-14T18:08:07.265+05:30  INFO 32168 --- [     parallel-2] reactor.Flux.Iterable.7                  : | request(1)
2024-12-14T18:08:07.265+05:30  INFO 32168 --- [     parallel-2] reactor.Flux.Iterable.7                  : | onNext(FluxAndMonoEndPoint.Person(name=Sohail&amp#1;, age=26, mobile=+91-8225885153, id=1))
2024-12-14T18:08:07.268+05:30  INFO 32168 --- [           main] reactor.Flux.Iterable.7                  : | cancel()
]]></system-out>
  </testcase>
  <testcase name="testFluxApproach03" classname="com.reactivespring.controller.FluxAndMonoEndPointTest" time="0.02">
    <system-out><![CDATA[2024-12-14T18:08:07.277+05:30  INFO 32168 --- [     parallel-3] reactor.Flux.Iterable.8                  : | onSubscribe([Synchronous Fuseable] FluxIterable.IterableSubscription)
2024-12-14T18:08:07.277+05:30  INFO 32168 --- [     parallel-3] reactor.Flux.Iterable.8                  : | request(1)
2024-12-14T18:08:07.277+05:30  INFO 32168 --- [     parallel-3] reactor.Flux.Iterable.8                  : | onNext(FluxAndMonoEndPoint.Person(name=Sohail&amp#1;, age=26, mobile=+91-8225885153, id=1))
2024-12-14T18:08:07.279+05:30  INFO 32168 --- [           main] reactor.Flux.Iterable.8                  : | request(31)
2024-12-14T18:08:07.279+05:30  INFO 32168 --- [           main] reactor.Flux.Iterable.8                  : | onNext(FluxAndMonoEndPoint.Person(name=Sohail&amp#2;, age=27, mobile=+91-8225885153, id=2))
2024-12-14T18:08:07.280+05:30  INFO 32168 --- [           main] reactor.Flux.Iterable.8                  : | onNext(FluxAndMonoEndPoint.Person(name=Sohail&amp#3;, age=28, mobile=+91-8225885153, id=3))
2024-12-14T18:08:07.280+05:30  INFO 32168 --- [           main] reactor.Flux.Iterable.8                  : | onNext(FluxAndMonoEndPoint.Person(name=Sohail&amp#4;, age=29, mobile=+91-8225885153, id=4))
2024-12-14T18:08:07.280+05:30  INFO 32168 --- [           main] reactor.Flux.Iterable.8                  : | onNext(FluxAndMonoEndPoint.Person(name=Sohail&amp#5;, age=30, mobile=+91-8225885153, id=5))
2024-12-14T18:08:07.280+05:30  INFO 32168 --- [           main] reactor.Flux.Iterable.8                  : | onNext(FluxAndMonoEndPoint.Person(name=Sohail&amp#6;, age=31, mobile=+91-8225885153, id=6))
2024-12-14T18:08:07.280+05:30  INFO 32168 --- [           main] reactor.Flux.Iterable.8                  : | onNext(FluxAndMonoEndPoint.Person(name=Sohail&amp#7;, age=32, mobile=+91-8225885153, id=7))
2024-12-14T18:08:07.280+05:30  INFO 32168 --- [           main] reactor.Flux.Iterable.8                  : | onNext(FluxAndMonoEndPoint.Person(name=Sohail&amp#8;, age=33, mobile=+91-8225885153, id=8))
2024-12-14T18:08:07.280+05:30  INFO 32168 --- [           main] reactor.Flux.Iterable.8                  : | onNext(FluxAndMonoEndPoint.Person(name=Sohail	, age=34, mobile=+91-8225885153, id=9))
2024-12-14T18:08:07.280+05:30  INFO 32168 --- [           main] reactor.Flux.Iterable.8                  : | onNext(FluxAndMonoEndPoint.Person(name=Sohail
, age=35, mobile=+91-8225885153, id=10))
2024-12-14T18:08:07.280+05:30  INFO 32168 --- [           main] reactor.Flux.Iterable.8                  : | onNext(FluxAndMonoEndPoint.Person(name=Sohail&amp#11;, age=36, mobile=+91-8225885153, id=11))
2024-12-14T18:08:07.281+05:30  INFO 32168 --- [           main] reactor.Flux.Iterable.8                  : | onNext(FluxAndMonoEndPoint.Person(name=Sohail&amp#12;, age=37, mobile=+91-8225885153, id=12))
2024-12-14T18:08:07.281+05:30  INFO 32168 --- [           main] reactor.Flux.Iterable.8                  : | onNext(FluxAndMonoEndPoint.Person(name=Sohail, age=38, mobile=+91-8225885153, id=13))
2024-12-14T18:08:07.281+05:30  INFO 32168 --- [           main] reactor.Flux.Iterable.8                  : | onNext(FluxAndMonoEndPoint.Person(name=Sohail&amp#14;, age=39, mobile=+91-8225885153, id=14))
2024-12-14T18:08:07.281+05:30  INFO 32168 --- [           main] reactor.Flux.Iterable.8                  : | onNext(FluxAndMonoEndPoint.Person(name=Sohail&amp#15;, age=40, mobile=+91-8225885153, id=15))
2024-12-14T18:08:07.281+05:30  INFO 32168 --- [           main] reactor.Flux.Iterable.8                  : | onNext(FluxAndMonoEndPoint.Person(name=Sohail&amp#16;, age=41, mobile=+91-8225885153, id=16))
2024-12-14T18:08:07.281+05:30  INFO 32168 --- [           main] reactor.Flux.Iterable.8                  : | onNext(FluxAndMonoEndPoint.Person(name=Sohail&amp#17;, age=42, mobile=+91-8225885153, id=17))
2024-12-14T18:08:07.281+05:30  INFO 32168 --- [           main] reactor.Flux.Iterable.8                  : | onNext(FluxAndMonoEndPoint.Person(name=Sohail&amp#18;, age=43, mobile=+91-8225885153, id=18))
2024-12-14T18:08:07.281+05:30  INFO 32168 --- [           main] reactor.Flux.Iterable.8                  : | onNext(FluxAndMonoEndPoint.Person(name=Sohail&amp#19;, age=44, mobile=+91-8225885153, id=19))
2024-12-14T18:08:07.282+05:30  INFO 32168 --- [           main] reactor.Flux.Iterable.8                  : | onNext(FluxAndMonoEndPoint.Person(name=Sohail&amp#20;, age=45, mobile=+91-8225885153, id=20))
2024-12-14T18:08:07.282+05:30  INFO 32168 --- [           main] reactor.Flux.Iterable.8                  : | onNext(FluxAndMonoEndPoint.Person(name=Sohail&amp#21;, age=46, mobile=+91-8225885153, id=21))
2024-12-14T18:08:07.282+05:30  INFO 32168 --- [           main] reactor.Flux.Iterable.8                  : | onNext(FluxAndMonoEndPoint.Person(name=Sohail&amp#22;, age=47, mobile=+91-8225885153, id=22))
2024-12-14T18:08:07.282+05:30  INFO 32168 --- [           main] reactor.Flux.Iterable.8                  : | onNext(FluxAndMonoEndPoint.Person(name=Sohail&amp#23;, age=48, mobile=+91-8225885153, id=23))
2024-12-14T18:08:07.282+05:30  INFO 32168 --- [           main] reactor.Flux.Iterable.8                  : | onNext(FluxAndMonoEndPoint.Person(name=Sohail&amp#24;, age=49, mobile=+91-8225885153, id=24))
2024-12-14T18:08:07.282+05:30  INFO 32168 --- [           main] reactor.Flux.Iterable.8                  : | request(24)
2024-12-14T18:08:07.282+05:30  INFO 32168 --- [           main] reactor.Flux.Iterable.8                  : | onNext(FluxAndMonoEndPoint.Person(name=Sohail&amp#25;, age=50, mobile=+91-8225885153, id=25))
2024-12-14T18:08:07.282+05:30  INFO 32168 --- [           main] reactor.Flux.Iterable.8                  : | onNext(FluxAndMonoEndPoint.Person(name=Sohail&amp#26;, age=51, mobile=+91-8225885153, id=26))
2024-12-14T18:08:07.282+05:30  INFO 32168 --- [           main] reactor.Flux.Iterable.8                  : | onNext(FluxAndMonoEndPoint.Person(name=Sohail&amp#27;, age=52, mobile=+91-8225885153, id=27))
2024-12-14T18:08:07.284+05:30  INFO 32168 --- [           main] reactor.Flux.Iterable.8                  : | onNext(FluxAndMonoEndPoint.Person(name=Sohail&amp#28;, age=53, mobile=+91-8225885153, id=28))
2024-12-14T18:08:07.284+05:30  INFO 32168 --- [           main] reactor.Flux.Iterable.8                  : | onNext(FluxAndMonoEndPoint.Person(name=Sohail&amp#29;, age=54, mobile=+91-8225885153, id=29))
2024-12-14T18:08:07.284+05:30  INFO 32168 --- [           main] reactor.Flux.Iterable.8                  : | onNext(FluxAndMonoEndPoint.Person(name=Sohail&amp#30;, age=55, mobile=+91-8225885153, id=30))
2024-12-14T18:08:07.284+05:30  INFO 32168 --- [           main] reactor.Flux.Iterable.8                  : | onNext(FluxAndMonoEndPoint.Person(name=Sohail&amp#31;, age=56, mobile=+91-8225885153, id=31))
2024-12-14T18:08:07.284+05:30  INFO 32168 --- [           main] reactor.Flux.Iterable.8                  : | onNext(FluxAndMonoEndPoint.Person(name=Sohail , age=57, mobile=+91-8225885153, id=32))
2024-12-14T18:08:07.284+05:30  INFO 32168 --- [           main] reactor.Flux.Iterable.8                  : | onNext(FluxAndMonoEndPoint.Person(name=Sohail!, age=58, mobile=+91-8225885153, id=33))
2024-12-14T18:08:07.284+05:30  INFO 32168 --- [           main] reactor.Flux.Iterable.8                  : | onNext(FluxAndMonoEndPoint.Person(name=Sohail", age=59, mobile=+91-8225885153, id=34))
2024-12-14T18:08:07.285+05:30  INFO 32168 --- [           main] reactor.Flux.Iterable.8                  : | onNext(FluxAndMonoEndPoint.Person(name=Sohail#, age=60, mobile=+91-8225885153, id=35))
2024-12-14T18:08:07.285+05:30  INFO 32168 --- [           main] reactor.Flux.Iterable.8                  : | onNext(FluxAndMonoEndPoint.Person(name=Sohail$, age=61, mobile=+91-8225885153, id=36))
2024-12-14T18:08:07.285+05:30  INFO 32168 --- [           main] reactor.Flux.Iterable.8                  : | onNext(FluxAndMonoEndPoint.Person(name=Sohail%, age=62, mobile=+91-8225885153, id=37))
2024-12-14T18:08:07.285+05:30  INFO 32168 --- [           main] reactor.Flux.Iterable.8                  : | onNext(FluxAndMonoEndPoint.Person(name=Sohail&, age=63, mobile=+91-8225885153, id=38))
2024-12-14T18:08:07.285+05:30  INFO 32168 --- [           main] reactor.Flux.Iterable.8                  : | onNext(FluxAndMonoEndPoint.Person(name=Sohail', age=64, mobile=+91-8225885153, id=39))
2024-12-14T18:08:07.285+05:30  INFO 32168 --- [           main] reactor.Flux.Iterable.8                  : | onNext(FluxAndMonoEndPoint.Person(name=Sohail(, age=65, mobile=+91-8225885153, id=40))
2024-12-14T18:08:07.285+05:30  INFO 32168 --- [           main] reactor.Flux.Iterable.8                  : | onNext(FluxAndMonoEndPoint.Person(name=Sohail), age=66, mobile=+91-8225885153, id=41))
2024-12-14T18:08:07.285+05:30  INFO 32168 --- [           main] reactor.Flux.Iterable.8                  : | onNext(FluxAndMonoEndPoint.Person(name=Sohail*, age=67, mobile=+91-8225885153, id=42))
2024-12-14T18:08:07.285+05:30  INFO 32168 --- [           main] reactor.Flux.Iterable.8                  : | onNext(FluxAndMonoEndPoint.Person(name=Sohail+, age=68, mobile=+91-8225885153, id=43))
2024-12-14T18:08:07.285+05:30  INFO 32168 --- [           main] reactor.Flux.Iterable.8                  : | onNext(FluxAndMonoEndPoint.Person(name=Sohail,, age=69, mobile=+91-8225885153, id=44))
2024-12-14T18:08:07.286+05:30  INFO 32168 --- [           main] reactor.Flux.Iterable.8                  : | onNext(FluxAndMonoEndPoint.Person(name=Sohail-, age=70, mobile=+91-8225885153, id=45))
2024-12-14T18:08:07.286+05:30  INFO 32168 --- [           main] reactor.Flux.Iterable.8                  : | onNext(FluxAndMonoEndPoint.Person(name=Sohail., age=71, mobile=+91-8225885153, id=46))
2024-12-14T18:08:07.286+05:30  INFO 32168 --- [           main] reactor.Flux.Iterable.8                  : | onNext(FluxAndMonoEndPoint.Person(name=Sohail/, age=72, mobile=+91-8225885153, id=47))
2024-12-14T18:08:07.286+05:30  INFO 32168 --- [           main] reactor.Flux.Iterable.8                  : | onNext(FluxAndMonoEndPoint.Person(name=Sohail0, age=73, mobile=+91-8225885153, id=48))
2024-12-14T18:08:07.286+05:30  INFO 32168 --- [           main] reactor.Flux.Iterable.8                  : | request(24)
2024-12-14T18:08:07.286+05:30  INFO 32168 --- [           main] reactor.Flux.Iterable.8                  : | onNext(FluxAndMonoEndPoint.Person(name=Sohail1, age=74, mobile=+91-8225885153, id=49))
2024-12-14T18:08:07.286+05:30  INFO 32168 --- [           main] reactor.Flux.Iterable.8                  : | onNext(FluxAndMonoEndPoint.Person(name=Sohail2, age=75, mobile=+91-8225885153, id=50))
2024-12-14T18:08:07.286+05:30  INFO 32168 --- [           main] reactor.Flux.Iterable.8                  : | onNext(FluxAndMonoEndPoint.Person(name=Sohail3, age=76, mobile=+91-8225885153, id=51))
2024-12-14T18:08:07.286+05:30  INFO 32168 --- [           main] reactor.Flux.Iterable.8                  : | onNext(FluxAndMonoEndPoint.Person(name=Sohail4, age=77, mobile=+91-8225885153, id=52))
2024-12-14T18:08:07.286+05:30  INFO 32168 --- [           main] reactor.Flux.Iterable.8                  : | onNext(FluxAndMonoEndPoint.Person(name=Sohail5, age=78, mobile=+91-8225885153, id=53))
2024-12-14T18:08:07.286+05:30  INFO 32168 --- [           main] reactor.Flux.Iterable.8                  : | onNext(FluxAndMonoEndPoint.Person(name=Sohail6, age=79, mobile=+91-8225885153, id=54))
2024-12-14T18:08:07.286+05:30  INFO 32168 --- [           main] reactor.Flux.Iterable.8                  : | onNext(FluxAndMonoEndPoint.Person(name=Sohail7, age=80, mobile=+91-8225885153, id=55))
2024-12-14T18:08:07.286+05:30  INFO 32168 --- [           main] reactor.Flux.Iterable.8                  : | onNext(FluxAndMonoEndPoint.Person(name=Sohail8, age=81, mobile=+91-8225885153, id=56))
2024-12-14T18:08:07.287+05:30  INFO 32168 --- [           main] reactor.Flux.Iterable.8                  : | onNext(FluxAndMonoEndPoint.Person(name=Sohail9, age=82, mobile=+91-8225885153, id=57))
2024-12-14T18:08:07.287+05:30  INFO 32168 --- [           main] reactor.Flux.Iterable.8                  : | onNext(FluxAndMonoEndPoint.Person(name=Sohail:, age=83, mobile=+91-8225885153, id=58))
2024-12-14T18:08:07.287+05:30  INFO 32168 --- [           main] reactor.Flux.Iterable.8                  : | onNext(FluxAndMonoEndPoint.Person(name=Sohail;, age=84, mobile=+91-8225885153, id=59))
2024-12-14T18:08:07.287+05:30  INFO 32168 --- [           main] reactor.Flux.Iterable.8                  : | onNext(FluxAndMonoEndPoint.Person(name=Sohail<, age=85, mobile=+91-8225885153, id=60))
2024-12-14T18:08:07.287+05:30  INFO 32168 --- [           main] reactor.Flux.Iterable.8                  : | onNext(FluxAndMonoEndPoint.Person(name=Sohail=, age=86, mobile=+91-8225885153, id=61))
2024-12-14T18:08:07.287+05:30  INFO 32168 --- [           main] reactor.Flux.Iterable.8                  : | onNext(FluxAndMonoEndPoint.Person(name=Sohail>, age=87, mobile=+91-8225885153, id=62))
2024-12-14T18:08:07.287+05:30  INFO 32168 --- [           main] reactor.Flux.Iterable.8                  : | onNext(FluxAndMonoEndPoint.Person(name=Sohail?, age=88, mobile=+91-8225885153, id=63))
2024-12-14T18:08:07.287+05:30  INFO 32168 --- [           main] reactor.Flux.Iterable.8                  : | onNext(FluxAndMonoEndPoint.Person(name=Sohail@, age=89, mobile=+91-8225885153, id=64))
2024-12-14T18:08:07.287+05:30  INFO 32168 --- [           main] reactor.Flux.Iterable.8                  : | onNext(FluxAndMonoEndPoint.Person(name=SohailA, age=90, mobile=+91-8225885153, id=65))
2024-12-14T18:08:07.287+05:30  INFO 32168 --- [           main] reactor.Flux.Iterable.8                  : | onNext(FluxAndMonoEndPoint.Person(name=SohailB, age=91, mobile=+91-8225885153, id=66))
2024-12-14T18:08:07.287+05:30  INFO 32168 --- [           main] reactor.Flux.Iterable.8                  : | onNext(FluxAndMonoEndPoint.Person(name=SohailC, age=92, mobile=+91-8225885153, id=67))
2024-12-14T18:08:07.287+05:30  INFO 32168 --- [           main] reactor.Flux.Iterable.8                  : | onNext(FluxAndMonoEndPoint.Person(name=SohailD, age=93, mobile=+91-8225885153, id=68))
2024-12-14T18:08:07.288+05:30  INFO 32168 --- [           main] reactor.Flux.Iterable.8                  : | onNext(FluxAndMonoEndPoint.Person(name=SohailE, age=94, mobile=+91-8225885153, id=69))
2024-12-14T18:08:07.288+05:30  INFO 32168 --- [           main] reactor.Flux.Iterable.8                  : | onNext(FluxAndMonoEndPoint.Person(name=SohailF, age=95, mobile=+91-8225885153, id=70))
2024-12-14T18:08:07.288+05:30  INFO 32168 --- [           main] reactor.Flux.Iterable.8                  : | onNext(FluxAndMonoEndPoint.Person(name=SohailG, age=96, mobile=+91-8225885153, id=71))
2024-12-14T18:08:07.288+05:30  INFO 32168 --- [           main] reactor.Flux.Iterable.8                  : | onNext(FluxAndMonoEndPoint.Person(name=SohailH, age=97, mobile=+91-8225885153, id=72))
2024-12-14T18:08:07.288+05:30  INFO 32168 --- [           main] reactor.Flux.Iterable.8                  : | request(24)
2024-12-14T18:08:07.288+05:30  INFO 32168 --- [           main] reactor.Flux.Iterable.8                  : | onNext(FluxAndMonoEndPoint.Person(name=SohailI, age=98, mobile=+91-8225885153, id=73))
2024-12-14T18:08:07.288+05:30  INFO 32168 --- [           main] reactor.Flux.Iterable.8                  : | onNext(FluxAndMonoEndPoint.Person(name=SohailJ, age=99, mobile=+91-8225885153, id=74))
2024-12-14T18:08:07.288+05:30  INFO 32168 --- [           main] reactor.Flux.Iterable.8                  : | onNext(FluxAndMonoEndPoint.Person(name=SohailK, age=100, mobile=+91-8225885153, id=75))
2024-12-14T18:08:07.288+05:30  INFO 32168 --- [           main] reactor.Flux.Iterable.8                  : | onNext(FluxAndMonoEndPoint.Person(name=SohailL, age=101, mobile=+91-8225885153, id=76))
2024-12-14T18:08:07.288+05:30  INFO 32168 --- [           main] reactor.Flux.Iterable.8                  : | onNext(FluxAndMonoEndPoint.Person(name=SohailM, age=102, mobile=+91-8225885153, id=77))
2024-12-14T18:08:07.288+05:30  INFO 32168 --- [           main] reactor.Flux.Iterable.8                  : | onNext(FluxAndMonoEndPoint.Person(name=SohailN, age=103, mobile=+91-8225885153, id=78))
2024-12-14T18:08:07.288+05:30  INFO 32168 --- [           main] reactor.Flux.Iterable.8                  : | onNext(FluxAndMonoEndPoint.Person(name=SohailO, age=104, mobile=+91-8225885153, id=79))
2024-12-14T18:08:07.288+05:30  INFO 32168 --- [           main] reactor.Flux.Iterable.8                  : | onNext(FluxAndMonoEndPoint.Person(name=SohailP, age=105, mobile=+91-8225885153, id=80))
2024-12-14T18:08:07.289+05:30  INFO 32168 --- [           main] reactor.Flux.Iterable.8                  : | onNext(FluxAndMonoEndPoint.Person(name=SohailQ, age=106, mobile=+91-8225885153, id=81))
2024-12-14T18:08:07.289+05:30  INFO 32168 --- [           main] reactor.Flux.Iterable.8                  : | onNext(FluxAndMonoEndPoint.Person(name=SohailR, age=107, mobile=+91-8225885153, id=82))
2024-12-14T18:08:07.289+05:30  INFO 32168 --- [           main] reactor.Flux.Iterable.8                  : | onNext(FluxAndMonoEndPoint.Person(name=SohailS, age=108, mobile=+91-8225885153, id=83))
2024-12-14T18:08:07.289+05:30  INFO 32168 --- [           main] reactor.Flux.Iterable.8                  : | onNext(FluxAndMonoEndPoint.Person(name=SohailT, age=109, mobile=+91-8225885153, id=84))
2024-12-14T18:08:07.289+05:30  INFO 32168 --- [           main] reactor.Flux.Iterable.8                  : | onNext(FluxAndMonoEndPoint.Person(name=SohailU, age=110, mobile=+91-8225885153, id=85))
2024-12-14T18:08:07.289+05:30  INFO 32168 --- [           main] reactor.Flux.Iterable.8                  : | onNext(FluxAndMonoEndPoint.Person(name=SohailV, age=111, mobile=+91-8225885153, id=86))
2024-12-14T18:08:07.289+05:30  INFO 32168 --- [           main] reactor.Flux.Iterable.8                  : | onNext(FluxAndMonoEndPoint.Person(name=SohailW, age=112, mobile=+91-8225885153, id=87))
2024-12-14T18:08:07.289+05:30  INFO 32168 --- [           main] reactor.Flux.Iterable.8                  : | onNext(FluxAndMonoEndPoint.Person(name=SohailX, age=113, mobile=+91-8225885153, id=88))
2024-12-14T18:08:07.289+05:30  INFO 32168 --- [           main] reactor.Flux.Iterable.8                  : | onNext(FluxAndMonoEndPoint.Person(name=SohailY, age=114, mobile=+91-8225885153, id=89))
2024-12-14T18:08:07.289+05:30  INFO 32168 --- [           main] reactor.Flux.Iterable.8                  : | onNext(FluxAndMonoEndPoint.Person(name=SohailZ, age=115, mobile=+91-8225885153, id=90))
2024-12-14T18:08:07.289+05:30  INFO 32168 --- [           main] reactor.Flux.Iterable.8                  : | onNext(FluxAndMonoEndPoint.Person(name=Sohail[, age=116, mobile=+91-8225885153, id=91))
2024-12-14T18:08:07.289+05:30  INFO 32168 --- [           main] reactor.Flux.Iterable.8                  : | onNext(FluxAndMonoEndPoint.Person(name=Sohail\, age=117, mobile=+91-8225885153, id=92))
2024-12-14T18:08:07.290+05:30  INFO 32168 --- [           main] reactor.Flux.Iterable.8                  : | onNext(FluxAndMonoEndPoint.Person(name=Sohail], age=118, mobile=+91-8225885153, id=93))
2024-12-14T18:08:07.290+05:30  INFO 32168 --- [           main] reactor.Flux.Iterable.8                  : | onNext(FluxAndMonoEndPoint.Person(name=Sohail^, age=119, mobile=+91-8225885153, id=94))
2024-12-14T18:08:07.290+05:30  INFO 32168 --- [           main] reactor.Flux.Iterable.8                  : | onNext(FluxAndMonoEndPoint.Person(name=Sohail_, age=120, mobile=+91-8225885153, id=95))
2024-12-14T18:08:07.290+05:30  INFO 32168 --- [           main] reactor.Flux.Iterable.8                  : | onNext(FluxAndMonoEndPoint.Person(name=Sohail`, age=121, mobile=+91-8225885153, id=96))
2024-12-14T18:08:07.290+05:30  INFO 32168 --- [           main] reactor.Flux.Iterable.8                  : | request(24)
2024-12-14T18:08:07.290+05:30  INFO 32168 --- [           main] reactor.Flux.Iterable.8                  : | onNext(FluxAndMonoEndPoint.Person(name=Sohaila, age=122, mobile=+91-8225885153, id=97))
2024-12-14T18:08:07.290+05:30  INFO 32168 --- [           main] reactor.Flux.Iterable.8                  : | onNext(FluxAndMonoEndPoint.Person(name=Sohailb, age=123, mobile=+91-8225885153, id=98))
2024-12-14T18:08:07.290+05:30  INFO 32168 --- [           main] reactor.Flux.Iterable.8                  : | onNext(FluxAndMonoEndPoint.Person(name=Sohailc, age=124, mobile=+91-8225885153, id=99))
2024-12-14T18:08:07.290+05:30  INFO 32168 --- [           main] reactor.Flux.Iterable.8                  : | onNext(FluxAndMonoEndPoint.Person(name=Sohaild, age=125, mobile=+91-8225885153, id=100))
2024-12-14T18:08:07.290+05:30  INFO 32168 --- [           main] reactor.Flux.Iterable.8                  : | onComplete()
]]></system-out>
  </testcase>
  <testcase name="demoFluxStream" classname="com.reactivespring.controller.FluxAndMonoEndPointTest" time="1.016">
    <system-out><![CDATA[2024-12-14T18:08:07.297+05:30  INFO 32168 --- [     parallel-4] reactor.Flux.Interval.9                  : onSubscribe(FluxInterval.IntervalRunnable)
2024-12-14T18:08:07.298+05:30  INFO 32168 --- [     parallel-4] reactor.Flux.Interval.9                  : request(1)
2024-12-14T18:08:07.377+05:30  INFO 32168 --- [ngodb.net:27017] org.mongodb.driver.cluster               : Monitor thread successfully connected to server with description ServerDescription{address=cluster0-shard-00-01.tbzhg.mongodb.net:27017, type=REPLICA_SET_SECONDARY, state=CONNECTED, ok=true, minWireVersion=0, maxWireVersion=25, maxDocumentSize=16777216, logicalSessionTimeoutMinutes=30, roundTripTimeNanos=59451291, setName='atlas-7caju8-shard-0', canonicalAddress=cluster0-shard-00-01.tbzhg.mongodb.net:27017, hosts=[cluster0-shard-00-01.tbzhg.mongodb.net:27017, cluster0-shard-00-00.tbzhg.mongodb.net:27017, cluster0-shard-00-02.tbzhg.mongodb.net:27017], passives=[], arbiters=[], primary='cluster0-shard-00-02.tbzhg.mongodb.net:27017', tagSet=TagSet{[Tag{name='availabilityZone', value='2'}, Tag{name='diskState', value='READY'}, Tag{name='nodeType', value='ELECTABLE'}, Tag{name='provider', value='AZURE'}, Tag{name='region', value='INDIA_CENTRAL'}, Tag{name='workloadType', value='OPERATIONAL'}]}, electionId=null, setVersion=17, topologyVersion=TopologyVersion{processId=6758b24b69a900bb9348444a, counter=3}, lastWriteDate=Sat Dec 14 18:08:07 IST 2024, lastUpdateTimeNanos=47742601931416}
2024-12-14T18:08:08.303+05:30  INFO 32168 --- [     parallel-5] reactor.Flux.Interval.9                  : onNext(0)
]]></system-out>
  </testcase>
  <testcase name="testStreamApproach02" classname="com.reactivespring.controller.FluxAndMonoEndPointTest" time="4.01">
    <system-out><![CDATA[2024-12-14T18:08:08.314+05:30  INFO 32168 --- [     parallel-6] reactor.Flux.Interval.10                 : onSubscribe(FluxInterval.IntervalRunnable)
2024-12-14T18:08:08.315+05:30  INFO 32168 --- [     parallel-6] reactor.Flux.Interval.10                 : request(1)
2024-12-14T18:08:09.303+05:30 ERROR 32168 --- [     parallel-5] reactor.Flux.Interval.9                  : onError(reactor.core.Exceptions$OverflowException: Could not emit tick 1 due to lack of requests (interval doesn't support small downstream requests that replenish slower than the ticks))
2024-12-14T18:08:09.304+05:30 ERROR 32168 --- [     parallel-5] reactor.Flux.Interval.9                  : 

reactor.core.Exceptions$OverflowException: Could not emit tick 1 due to lack of requests (interval doesn't support small downstream requests that replenish slower than the ticks)
	at reactor.core.Exceptions.failWithOverflow(Exceptions.java:251) ~[reactor-core-3.6.6.jar:3.6.6]
	at reactor.core.publisher.FluxInterval$IntervalRunnable.run(FluxInterval.java:131) ~[reactor-core-3.6.6.jar:3.6.6]
	at reactor.core.scheduler.PeriodicWorkerTask.call(PeriodicWorkerTask.java:59) ~[reactor-core-3.6.6.jar:3.6.6]
	at reactor.core.scheduler.PeriodicWorkerTask.run(PeriodicWorkerTask.java:73) ~[reactor-core-3.6.6.jar:3.6.6]
	at java.base/java.util.concurrent.Executors$RunnableAdapter.call(Executors.java:572) ~[na:na]
	at java.base/java.util.concurrent.FutureTask.runAndReset(FutureTask.java:358) ~[na:na]
	at java.base/java.util.concurrent.ScheduledThreadPoolExecutor$ScheduledFutureTask.run(ScheduledThreadPoolExecutor.java:305) ~[na:na]
	at java.base/java.util.concurrent.ThreadPoolExecutor.runWorker(ThreadPoolExecutor.java:1144) ~[na:na]
	at java.base/java.util.concurrent.ThreadPoolExecutor$Worker.run(ThreadPoolExecutor.java:642) ~[na:na]
	at java.base/java.lang.Thread.run(Thread.java:1583) ~[na:na]

2024-12-14T18:08:09.318+05:30  INFO 32168 --- [     parallel-7] reactor.Flux.Interval.10                 : onNext(0)
2024-12-14T18:08:09.338+05:30  INFO 32168 --- [           main] reactor.Flux.Interval.10                 : request(1)
2024-12-14T18:08:10.316+05:30  INFO 32168 --- [     parallel-7] reactor.Flux.Interval.10                 : onNext(1)
2024-12-14T18:08:10.317+05:30  INFO 32168 --- [     parallel-7] reactor.Flux.Interval.10                 : request(1)
2024-12-14T18:08:11.324+05:30  INFO 32168 --- [     parallel-7] reactor.Flux.Interval.10                 : onNext(2)
2024-12-14T18:08:11.324+05:30  INFO 32168 --- [     parallel-7] reactor.Flux.Interval.10                 : request(1)
2024-12-14T18:08:12.320+05:30  INFO 32168 --- [     parallel-7] reactor.Flux.Interval.10                 : onNext(3)
2024-12-14T18:08:12.320+05:30  INFO 32168 --- [     parallel-7] reactor.Flux.Interval.10                 : cancel()
]]></system-out>
  </testcase>
</testsuite>